<?xml version="1.0" encoding="utf-8"?>
<CoverageSession>
  <Summary numSequencePoints="554" visitedSequencePoints="431" numBranchPoints="554" visitedBranchPoints="431" sequenceCoverage="0.778" branchCoverage="0.778" maxCyclomaticComplexity="0" minCyclomaticComplexity="0" visitedClasses="54" numClasses="58" visitedMethods="120" numMethods="133" />
  <Modules>
    <Module hash="1D32C953-9614-4634-8C33-428B7EBF6E7C">
      <ModulePath>F:\Dev\RestWell\RestWell.Test\bin\Debug\netcoreapp2.0\RestWell.dll</ModulePath>
      <ModuleTime>2018-05-20T06:15:23</ModuleTime>
      <ModuleName>RestWell</ModuleName>
      <Files>
        <File uid="1" fullPath="F:\Dev\RestWell\RestWell\Domain\Testing\TestProxyRequest.cs" />
        <File uid="2" fullPath="F:\Dev\RestWell\RestWell\Domain\Request\DefaultProxyRequestHeaders.cs" />
        <File uid="3" fullPath="F:\Dev\RestWell\RestWell\Domain\Request\DelegatingAction.cs" />
        <File uid="4" fullPath="F:\Dev\RestWell\RestWell\Domain\Factories\ProxyClientFactory.cs" />
        <File uid="5" fullPath="F:\Dev\RestWell\RestWell\Domain\Factories\ProxyResponseFactory.cs" />
        <File uid="6" fullPath="F:\Dev\RestWell\RestWell\Domain\Extensions\HttpClientExtensions.cs" />
        <File uid="7" fullPath="F:\Dev\RestWell\RestWell\Domain\Extensions\StringExtensions.cs" />
        <File uid="8" fullPath="F:\Dev\RestWell\RestWell\Client\Proxy.cs" />
        <File uid="9" fullPath="F:\Dev\RestWell\RestWell\Client\ProxyConfiguration.cs" />
        <File uid="10" fullPath="F:\Dev\RestWell\RestWell\Client\ProxyConfigurationBuilder.cs" />
        <File uid="11" fullPath="F:\Dev\RestWell\RestWell\Client\Testing\TestProxy.cs" />
        <File uid="12" fullPath="F:\Dev\RestWell\RestWell\Client\Response\ProxyResponse.cs" />
        <File uid="13" fullPath="F:\Dev\RestWell\RestWell\Client\Request\ProxyRequest.cs" />
        <File uid="14" fullPath="F:\Dev\RestWell\RestWell\Client\Request\ProxyRequestBuilder.cs" />
      </Files>
      <Classes>
        <Class>
          <Summary numSequencePoints="6" visitedSequencePoints="6" numBranchPoints="0" visitedBranchPoints="0" sequenceCoverage="1" branchCoverage="0" maxCyclomaticComplexity="0" minCyclomaticComplexity="0" visitedClasses="1" numClasses="1" visitedMethods="3" numMethods="3" />
          <FullName>RestWell.Domain.Testing.TestProxyRequest`2</FullName>
          <Methods>
            <Method cyclomaticComplexity="0" nPathComplexity="0" sequenceCoverage="1" branchCoverage="0" isConstructor="True" isGetter="False" isSetter="False" isStatic="True">
              <Summary numSequencePoints="3" visitedSequencePoints="3" numBranchPoints="0" visitedBranchPoints="0" sequenceCoverage="1" branchCoverage="0" maxCyclomaticComplexity="0" minCyclomaticComplexity="0" visitedClasses="0" numClasses="0" visitedMethods="1" numMethods="1" />
              <MetadataToken />
              <Name>System.Void RestWell.Domain.Testing.TestProxyRequest`2::.ctor(RestWell.Client.Request.IProxyRequest`2&lt;TRequestDto,TResponseDto&gt;)</Name>
              <FileRef uid="1" />
              <SequencePoints>
                <SequencePoint vc="60" upsid="16" ordinal="0" sl="16" sc="1" el="16" ec="2" bec="0" bev="0" fileid="1" />
                <SequencePoint vc="60" upsid="18" ordinal="1" sl="18" sc="1" el="18" ec="2" bec="0" bev="0" fileid="1" />
                <SequencePoint vc="60" upsid="19" ordinal="2" sl="19" sc="1" el="19" ec="2" bec="0" bev="0" fileid="1" />
              </SequencePoints>
              <BranchPoints />
              <MethodPoint vc="3" upsid="0" p8:type="SequencePoint" ordinal="0" offset="0" sc="0" sl="16" ec="1" el="19" bec="0" bev="0" fileid="1" xmlns:p8="xsi" />
            </Method>
            <Method cyclomaticComplexity="0" nPathComplexity="0" sequenceCoverage="1" branchCoverage="0" isConstructor="False" isGetter="True" isSetter="False" isStatic="True">
              <Summary numSequencePoints="1" visitedSequencePoints="1" numBranchPoints="0" visitedBranchPoints="0" sequenceCoverage="1" branchCoverage="0" maxCyclomaticComplexity="0" minCyclomaticComplexity="0" visitedClasses="0" numClasses="0" visitedMethods="1" numMethods="1" />
              <MetadataToken />
              <Name>RestWell.Client.Response.IProxyResponse`1&lt;TResponseDto&gt; RestWell.Domain.Testing.TestProxyRequest`2::get_ResponseToReturn()</Name>
              <FileRef uid="1" />
              <SequencePoints>
                <SequencePoint vc="120" upsid="25" ordinal="0" sl="25" sc="1" el="25" ec="2" bec="0" bev="0" fileid="1" />
              </SequencePoints>
              <BranchPoints />
              <MethodPoint vc="1" upsid="0" p8:type="SequencePoint" ordinal="1" offset="1" sc="0" sl="25" ec="1" el="25" bec="0" bev="0" fileid="1" xmlns:p8="xsi" />
            </Method>
            <Method cyclomaticComplexity="0" nPathComplexity="0" sequenceCoverage="1" branchCoverage="0" isConstructor="False" isGetter="False" isSetter="False" isStatic="True">
              <Summary numSequencePoints="2" visitedSequencePoints="2" numBranchPoints="0" visitedBranchPoints="0" sequenceCoverage="1" branchCoverage="0" maxCyclomaticComplexity="0" minCyclomaticComplexity="0" visitedClasses="0" numClasses="0" visitedMethods="1" numMethods="1" />
              <MetadataToken />
              <Name>System.Void RestWell.Domain.Testing.TestProxyRequest`2::ThenIShouldReturnThisResponse(RestWell.Client.Response.IProxyResponse`1&lt;TResponseDto&gt;)</Name>
              <FileRef uid="1" />
              <SequencePoints>
                <SequencePoint vc="60" upsid="37" ordinal="0" sl="37" sc="1" el="37" ec="2" bec="0" bev="0" fileid="1" />
                <SequencePoint vc="60" upsid="38" ordinal="1" sl="38" sc="1" el="38" ec="2" bec="0" bev="0" fileid="1" />
              </SequencePoints>
              <BranchPoints />
              <MethodPoint vc="2" upsid="0" p8:type="SequencePoint" ordinal="2" offset="2" sc="0" sl="37" ec="1" el="38" bec="0" bev="0" fileid="1" xmlns:p8="xsi" />
            </Method>
          </Methods>
        </Class>
        <Class>
          <Summary numSequencePoints="7" visitedSequencePoints="7" numBranchPoints="0" visitedBranchPoints="0" sequenceCoverage="1" branchCoverage="0" maxCyclomaticComplexity="0" minCyclomaticComplexity="0" visitedClasses="1" numClasses="1" visitedMethods="4" numMethods="4" />
          <FullName>RestWell.Domain.Request.DefaultProxyRequestHeaders</FullName>
          <Methods>
            <Method cyclomaticComplexity="0" nPathComplexity="0" sequenceCoverage="1" branchCoverage="0" isConstructor="True" isGetter="False" isSetter="False" isStatic="True">
              <Summary numSequencePoints="4" visitedSequencePoints="4" numBranchPoints="0" visitedBranchPoints="0" sequenceCoverage="1" branchCoverage="0" maxCyclomaticComplexity="0" minCyclomaticComplexity="0" visitedClasses="0" numClasses="0" visitedMethods="1" numMethods="1" />
              <MetadataToken />
              <Name>System.Void RestWell.Domain.Request.DefaultProxyRequestHeaders::.ctor()</Name>
              <FileRef uid="2" />
              <SequencePoints>
                <SequencePoint vc="167" upsid="10" ordinal="0" sl="10" sc="1" el="10" ec="2" bec="0" bev="0" fileid="2" />
                <SequencePoint vc="167" upsid="12" ordinal="1" sl="12" sc="1" el="12" ec="2" bec="0" bev="0" fileid="2" />
                <SequencePoint vc="167" upsid="13" ordinal="2" sl="13" sc="1" el="13" ec="2" bec="0" bev="0" fileid="2" />
                <SequencePoint vc="167" upsid="14" ordinal="3" sl="14" sc="1" el="14" ec="2" bec="0" bev="0" fileid="2" />
              </SequencePoints>
              <BranchPoints />
              <MethodPoint vc="4" upsid="0" p8:type="SequencePoint" ordinal="0" offset="0" sc="0" sl="10" ec="1" el="14" bec="0" bev="0" fileid="2" xmlns:p8="xsi" />
            </Method>
            <Method cyclomaticComplexity="0" nPathComplexity="0" sequenceCoverage="1" branchCoverage="0" isConstructor="False" isGetter="True" isSetter="False" isStatic="True">
              <Summary numSequencePoints="1" visitedSequencePoints="1" numBranchPoints="0" visitedBranchPoints="0" sequenceCoverage="1" branchCoverage="0" maxCyclomaticComplexity="0" minCyclomaticComplexity="0" visitedClasses="0" numClasses="0" visitedMethods="1" numMethods="1" />
              <MetadataToken />
              <Name>System.Collections.Generic.IList`1&lt;System.Net.Http.Headers.MediaTypeWithQualityHeaderValue&gt; RestWell.Domain.Request.DefaultProxyRequestHeaders::get_Accept()</Name>
              <FileRef uid="2" />
              <SequencePoints>
                <SequencePoint vc="458" upsid="20" ordinal="0" sl="20" sc="1" el="20" ec="2" bec="0" bev="0" fileid="2" />
              </SequencePoints>
              <BranchPoints />
              <MethodPoint vc="1" upsid="0" p8:type="SequencePoint" ordinal="1" offset="1" sc="0" sl="20" ec="1" el="20" bec="0" bev="0" fileid="2" xmlns:p8="xsi" />
            </Method>
            <Method cyclomaticComplexity="0" nPathComplexity="0" sequenceCoverage="1" branchCoverage="0" isConstructor="False" isGetter="True" isSetter="False" isStatic="True">
              <Summary numSequencePoints="1" visitedSequencePoints="1" numBranchPoints="0" visitedBranchPoints="0" sequenceCoverage="1" branchCoverage="0" maxCyclomaticComplexity="0" minCyclomaticComplexity="0" visitedClasses="0" numClasses="0" visitedMethods="1" numMethods="1" />
              <MetadataToken />
              <Name>System.Collections.Generic.IDictionary`2&lt;System.String,System.Collections.Generic.IList`1&lt;System.String&gt;&gt; RestWell.Domain.Request.DefaultProxyRequestHeaders::get_AdditionalHeaders()</Name>
              <FileRef uid="2" />
              <SequencePoints>
                <SequencePoint vc="222" upsid="21" ordinal="0" sl="21" sc="1" el="21" ec="2" bec="0" bev="0" fileid="2" />
              </SequencePoints>
              <BranchPoints />
              <MethodPoint vc="1" upsid="0" p8:type="SequencePoint" ordinal="2" offset="2" sc="0" sl="21" ec="1" el="21" bec="0" bev="0" fileid="2" xmlns:p8="xsi" />
            </Method>
            <Method cyclomaticComplexity="0" nPathComplexity="0" sequenceCoverage="1" branchCoverage="0" isConstructor="False" isGetter="True" isSetter="False" isStatic="True">
              <Summary numSequencePoints="1" visitedSequencePoints="1" numBranchPoints="0" visitedBranchPoints="0" sequenceCoverage="1" branchCoverage="0" maxCyclomaticComplexity="0" minCyclomaticComplexity="0" visitedClasses="0" numClasses="0" visitedMethods="1" numMethods="1" />
              <MetadataToken />
              <Name>System.Net.Http.Headers.AuthenticationHeaderValue RestWell.Domain.Request.DefaultProxyRequestHeaders::get_Authorization()</Name>
              <FileRef uid="2" />
              <SequencePoints>
                <SequencePoint vc="250" upsid="22" ordinal="0" sl="22" sc="1" el="22" ec="2" bec="0" bev="0" fileid="2" />
              </SequencePoints>
              <BranchPoints />
              <MethodPoint vc="1" upsid="0" p8:type="SequencePoint" ordinal="3" offset="3" sc="0" sl="22" ec="1" el="22" bec="0" bev="0" fileid="2" xmlns:p8="xsi" />
            </Method>
          </Methods>
        </Class>
        <Class>
          <Summary numSequencePoints="3" visitedSequencePoints="3" numBranchPoints="0" visitedBranchPoints="0" sequenceCoverage="1" branchCoverage="0" maxCyclomaticComplexity="0" minCyclomaticComplexity="0" visitedClasses="1" numClasses="1" visitedMethods="1" numMethods="1" />
          <FullName>RestWell.Domain.Request.DelegatingAction</FullName>
          <Methods>
            <Method cyclomaticComplexity="0" nPathComplexity="0" sequenceCoverage="1" branchCoverage="0" isConstructor="True" isGetter="False" isSetter="False" isStatic="True">
              <Summary numSequencePoints="3" visitedSequencePoints="3" numBranchPoints="0" visitedBranchPoints="0" sequenceCoverage="1" branchCoverage="0" maxCyclomaticComplexity="0" minCyclomaticComplexity="0" visitedClasses="0" numClasses="0" visitedMethods="1" numMethods="1" />
              <MetadataToken />
              <Name>System.Void RestWell.Domain.Request.DelegatingAction::.ctor(System.Action`2&lt;System.Net.Http.HttpRequestMessage,System.Threading.CancellationToken&gt;)</Name>
              <FileRef uid="3" />
              <SequencePoints>
                <SequencePoint vc="14" upsid="18" ordinal="0" sl="18" sc="1" el="18" ec="2" bec="0" bev="0" fileid="3" />
                <SequencePoint vc="14" upsid="20" ordinal="1" sl="20" sc="1" el="20" ec="2" bec="0" bev="0" fileid="3" />
                <SequencePoint vc="14" upsid="21" ordinal="2" sl="21" sc="1" el="21" ec="2" bec="0" bev="0" fileid="3" />
              </SequencePoints>
              <BranchPoints />
              <MethodPoint vc="3" upsid="0" p8:type="SequencePoint" ordinal="0" offset="0" sc="0" sl="18" ec="1" el="21" bec="0" bev="0" fileid="3" xmlns:p8="xsi" />
            </Method>
          </Methods>
        </Class>
        <Class>
          <Summary numSequencePoints="3" visitedSequencePoints="3" numBranchPoints="2" visitedBranchPoints="2" sequenceCoverage="1" branchCoverage="1" maxCyclomaticComplexity="0" minCyclomaticComplexity="0" visitedClasses="1" numClasses="1" visitedMethods="1" numMethods="1" />
          <FullName>RestWell.Domain.Request.DelegatingAction/&lt;SendAsync&gt;d__2</FullName>
          <Methods>
            <Method cyclomaticComplexity="0" nPathComplexity="0" sequenceCoverage="1" branchCoverage="1" isConstructor="False" isGetter="False" isSetter="False" isStatic="True">
              <Summary numSequencePoints="3" visitedSequencePoints="3" numBranchPoints="2" visitedBranchPoints="2" sequenceCoverage="1" branchCoverage="1" maxCyclomaticComplexity="0" minCyclomaticComplexity="0" visitedClasses="0" numClasses="0" visitedMethods="1" numMethods="1" />
              <MetadataToken />
              <Name>System.Void RestWell.Domain.Request.DelegatingAction/&lt;SendAsync&gt;d__2::MoveNext()</Name>
              <FileRef uid="3" />
              <SequencePoints>
                <SequencePoint vc="14" upsid="29" ordinal="0" sl="29" sc="1" el="29" ec="2" bec="0" bev="0" fileid="3" />
                <SequencePoint vc="14" upsid="30" ordinal="1" sl="30" sc="1" el="30" ec="2" bec="0" bev="0" fileid="3" />
                <SequencePoint vc="14" upsid="31" ordinal="2" sl="31" sc="1" el="31" ec="2" bec="0" bev="0" fileid="3" />
              </SequencePoints>
              <BranchPoints>
                <BranchPoint vc="16383" upsid="30" ordinal="0" path="0" offset="72" offsetend="74" sl="30" fileid="3" />
                <BranchPoint vc="16383" upsid="30" ordinal="1" path="1" offset="72" offsetend="136" sl="30" fileid="3" />
              </BranchPoints>
              <MethodPoint vc="3" upsid="0" p8:type="SequencePoint" ordinal="0" offset="0" sc="0" sl="29" ec="1" el="31" bec="0" bev="0" fileid="3" xmlns:p8="xsi" />
            </Method>
          </Methods>
        </Class>
        <Class>
          <Summary numSequencePoints="17" visitedSequencePoints="13" numBranchPoints="10" visitedBranchPoints="6" sequenceCoverage="0.765" branchCoverage="0.6" maxCyclomaticComplexity="0" minCyclomaticComplexity="0" visitedClasses="1" numClasses="1" visitedMethods="3" numMethods="3" />
          <FullName>RestWell.Domain.Factories.ProxyClientFactory</FullName>
          <Methods>
            <Method cyclomaticComplexity="0" nPathComplexity="0" sequenceCoverage="1" branchCoverage="0" isConstructor="True" isGetter="False" isSetter="False" isStatic="True">
              <Summary numSequencePoints="1" visitedSequencePoints="1" numBranchPoints="0" visitedBranchPoints="0" sequenceCoverage="1" branchCoverage="0" maxCyclomaticComplexity="0" minCyclomaticComplexity="0" visitedClasses="0" numClasses="0" visitedMethods="1" numMethods="1" />
              <MetadataToken />
              <Name>System.Net.Http.HttpClient RestWell.Domain.Factories.ProxyClientFactory::Create(System.Collections.Generic.IEnumerable`1&lt;System.Net.Http.DelegatingHandler&gt;)</Name>
              <FileRef uid="4" />
              <SequencePoints>
                <SequencePoint vc="167" upsid="14" ordinal="0" sl="14" sc="1" el="14" ec="2" bec="0" bev="0" fileid="4" />
              </SequencePoints>
              <BranchPoints />
              <MethodPoint vc="1" upsid="0" p8:type="SequencePoint" ordinal="0" offset="0" sc="0" sl="14" ec="1" el="14" bec="0" bev="0" fileid="4" xmlns:p8="xsi" />
            </Method>
            <Method cyclomaticComplexity="0" nPathComplexity="0" sequenceCoverage="1" branchCoverage="0" isConstructor="True" isGetter="False" isSetter="False" isStatic="True">
              <Summary numSequencePoints="2" visitedSequencePoints="2" numBranchPoints="0" visitedBranchPoints="0" sequenceCoverage="1" branchCoverage="0" maxCyclomaticComplexity="0" minCyclomaticComplexity="0" visitedClasses="0" numClasses="0" visitedMethods="1" numMethods="1" />
              <MetadataToken />
              <Name>System.Net.Http.HttpClient RestWell.Domain.Factories.ProxyClientFactory::Create(System.Net.Http.HttpMessageHandler,System.Net.Http.DelegatingHandler[])</Name>
              <FileRef uid="4" />
              <SequencePoints>
                <SequencePoint vc="167" upsid="23" ordinal="0" sl="23" sc="1" el="23" ec="2" bec="0" bev="0" fileid="4" />
                <SequencePoint vc="167" upsid="24" ordinal="1" sl="24" sc="1" el="24" ec="2" bec="0" bev="0" fileid="4" />
              </SequencePoints>
              <BranchPoints />
              <MethodPoint vc="2" upsid="0" p8:type="SequencePoint" ordinal="1" offset="1" sc="0" sl="23" ec="1" el="24" bec="0" bev="0" fileid="4" xmlns:p8="xsi" />
            </Method>
            <Method cyclomaticComplexity="0" nPathComplexity="0" sequenceCoverage="0.714" branchCoverage="0.6" isConstructor="True" isGetter="False" isSetter="False" isStatic="True">
              <Summary numSequencePoints="14" visitedSequencePoints="10" numBranchPoints="10" visitedBranchPoints="6" sequenceCoverage="0.714" branchCoverage="0.6" maxCyclomaticComplexity="0" minCyclomaticComplexity="0" visitedClasses="0" numClasses="0" visitedMethods="1" numMethods="1" />
              <MetadataToken />
              <Name>System.Net.Http.HttpMessageHandler RestWell.Domain.Factories.ProxyClientFactory::CreatePipeline(System.Net.Http.HttpMessageHandler,System.Collections.Generic.IEnumerable`1&lt;System.Net.Http.DelegatingHandler&gt;)</Name>
              <FileRef uid="4" />
              <SequencePoints>
                <SequencePoint vc="167" upsid="29" ordinal="0" sl="29" sc="1" el="29" ec="2" bec="0" bev="0" fileid="4" />
                <SequencePoint vc="0" upsid="31" ordinal="1" sl="31" sc="1" el="31" ec="2" bec="0" bev="0" fileid="4" />
                <SequencePoint vc="167" upsid="34" ordinal="2" sl="34" sc="1" el="34" ec="2" bec="0" bev="0" fileid="4" />
                <SequencePoint vc="0" upsid="36" ordinal="3" sl="36" sc="1" el="36" ec="2" bec="0" bev="0" fileid="4" />
                <SequencePoint vc="167" upsid="39" ordinal="4" sl="39" sc="1" el="39" ec="2" bec="0" bev="0" fileid="4" />
                <SequencePoint vc="167" upsid="40" ordinal="5" sl="40" sc="1" el="40" ec="2" bec="0" bev="0" fileid="4" />
                <SequencePoint vc="446" upsid="41" ordinal="6" sl="41" sc="1" el="41" ec="2" bec="0" bev="0" fileid="4" />
                <SequencePoint vc="56" upsid="43" ordinal="7" sl="43" sc="1" el="43" ec="2" bec="0" bev="0" fileid="4" />
                <SequencePoint vc="0" upsid="45" ordinal="8" sl="45" sc="1" el="45" ec="2" bec="0" bev="0" fileid="4" />
                <SequencePoint vc="56" upsid="48" ordinal="9" sl="48" sc="1" el="48" ec="2" bec="0" bev="0" fileid="4" />
                <SequencePoint vc="0" upsid="50" ordinal="10" sl="50" sc="1" el="50" ec="2" bec="0" bev="0" fileid="4" />
                <SequencePoint vc="56" upsid="53" ordinal="11" sl="53" sc="1" el="53" ec="2" bec="0" bev="0" fileid="4" />
                <SequencePoint vc="56" upsid="54" ordinal="12" sl="54" sc="1" el="54" ec="2" bec="0" bev="0" fileid="4" />
                <SequencePoint vc="167" upsid="57" ordinal="13" sl="57" sc="1" el="57" ec="2" bec="0" bev="0" fileid="4" />
              </SequencePoints>
              <BranchPoints>
                <BranchPoint vc="0" upsid="29" ordinal="0" path="0" offset="1" offsetend="3" sl="29" fileid="4" />
                <BranchPoint vc="2147483647" upsid="29" ordinal="1" path="1" offset="1" offsetend="14" sl="29" fileid="4" />
                <BranchPoint vc="0" upsid="34" ordinal="2" path="0" offset="15" offsetend="17" sl="34" fileid="4" />
                <BranchPoint vc="2147483647" upsid="34" ordinal="3" path="1" offset="15" offsetend="19" sl="34" fileid="4" />
                <BranchPoint vc="2147483647" upsid="41" ordinal="9" path="1" offset="158" offsetend="37" sl="41" fileid="4" />
                <BranchPoint vc="2147483647" upsid="41" ordinal="8" path="0" offset="158" offsetend="160" sl="41" fileid="4" />
                <BranchPoint vc="0" upsid="43" ordinal="4" path="0" offset="45" offsetend="47" sl="43" fileid="4" />
                <BranchPoint vc="2147483647" upsid="43" ordinal="5" path="1" offset="45" offsetend="83" sl="43" fileid="4" />
                <BranchPoint vc="0" upsid="48" ordinal="6" path="0" offset="89" offsetend="91" sl="48" fileid="4" />
                <BranchPoint vc="2147483647" upsid="48" ordinal="7" path="1" offset="89" offsetend="143" sl="48" fileid="4" />
              </BranchPoints>
              <MethodPoint vc="10" upsid="0" p8:type="SequencePoint" ordinal="2" offset="2" sc="0" sl="29" ec="1" el="57" bec="0" bev="0" fileid="4" xmlns:p8="xsi" />
            </Method>
          </Methods>
        </Class>
        <Class>
          <Summary numSequencePoints="7" visitedSequencePoints="0" numBranchPoints="0" visitedBranchPoints="0" sequenceCoverage="0" branchCoverage="0" maxCyclomaticComplexity="0" minCyclomaticComplexity="0" visitedClasses="0" numClasses="1" visitedMethods="0" numMethods="1" />
          <FullName>RestWell.Domain.Factories.ProxyResponseFactory</FullName>
          <Methods>
            <Method cyclomaticComplexity="0" nPathComplexity="0" sequenceCoverage="0" branchCoverage="0" isConstructor="True" isGetter="False" isSetter="False" isStatic="True">
              <Summary numSequencePoints="7" visitedSequencePoints="0" numBranchPoints="0" visitedBranchPoints="0" sequenceCoverage="0" branchCoverage="0" maxCyclomaticComplexity="0" minCyclomaticComplexity="0" visitedClasses="0" numClasses="0" visitedMethods="0" numMethods="1" />
              <MetadataToken />
              <Name>RestWell.Client.Response.IProxyResponse`1&lt;TResponseDto&gt; RestWell.Domain.Factories.ProxyResponseFactory::Create(System.Exception)</Name>
              <FileRef uid="5" />
              <SequencePoints>
                <SequencePoint vc="0" upsid="51" ordinal="0" sl="51" sc="1" el="51" ec="2" bec="0" bev="0" fileid="5" />
                <SequencePoint vc="0" upsid="52" ordinal="1" sl="52" sc="1" el="52" ec="2" bec="0" bev="0" fileid="5" />
                <SequencePoint vc="0" upsid="53" ordinal="2" sl="53" sc="1" el="53" ec="2" bec="0" bev="0" fileid="5" />
                <SequencePoint vc="0" upsid="54" ordinal="3" sl="54" sc="1" el="54" ec="2" bec="0" bev="0" fileid="5" />
                <SequencePoint vc="0" upsid="55" ordinal="4" sl="55" sc="1" el="55" ec="2" bec="0" bev="0" fileid="5" />
                <SequencePoint vc="0" upsid="56" ordinal="5" sl="56" sc="1" el="56" ec="2" bec="0" bev="0" fileid="5" />
                <SequencePoint vc="0" upsid="58" ordinal="6" sl="58" sc="1" el="58" ec="2" bec="0" bev="0" fileid="5" />
              </SequencePoints>
              <BranchPoints />
              <MethodPoint vc="0" upsid="0" p8:type="SequencePoint" ordinal="0" offset="0" sc="0" sl="51" ec="1" el="58" bec="0" bev="0" fileid="5" xmlns:p8="xsi" />
            </Method>
          </Methods>
        </Class>
        <Class>
          <Summary numSequencePoints="18" visitedSequencePoints="18" numBranchPoints="12" visitedBranchPoints="10" sequenceCoverage="1" branchCoverage="0.833" maxCyclomaticComplexity="0" minCyclomaticComplexity="0" visitedClasses="1" numClasses="1" visitedMethods="1" numMethods="1" />
          <FullName>RestWell.Domain.Factories.ProxyResponseFactory/&lt;CreateAsync&gt;d__0`1</FullName>
          <Methods>
            <Method cyclomaticComplexity="0" nPathComplexity="0" sequenceCoverage="1" branchCoverage="0.833" isConstructor="True" isGetter="False" isSetter="False" isStatic="True">
              <Summary numSequencePoints="18" visitedSequencePoints="18" numBranchPoints="12" visitedBranchPoints="10" sequenceCoverage="1" branchCoverage="0.833" maxCyclomaticComplexity="0" minCyclomaticComplexity="0" visitedClasses="0" numClasses="0" visitedMethods="1" numMethods="1" />
              <MetadataToken />
              <Name>System.Void RestWell.Domain.Factories.ProxyResponseFactory/&lt;CreateAsync&gt;d__0`1::MoveNext()</Name>
              <FileRef uid="5" />
              <SequencePoints>
                <SequencePoint vc="222" upsid="19" ordinal="0" sl="19" sc="1" el="19" ec="2" bec="0" bev="0" fileid="5" />
                <SequencePoint vc="222" upsid="21" ordinal="1" sl="21" sc="1" el="21" ec="2" bec="0" bev="0" fileid="5" />
                <SequencePoint vc="222" upsid="23" ordinal="2" sl="23" sc="1" el="23" ec="2" bec="0" bev="0" fileid="5" />
                <SequencePoint vc="222" upsid="24" ordinal="3" sl="24" sc="1" el="24" ec="2" bec="0" bev="0" fileid="5" />
                <SequencePoint vc="222" upsid="25" ordinal="4" sl="25" sc="1" el="25" ec="2" bec="0" bev="0" fileid="5" />
                <SequencePoint vc="222" upsid="26" ordinal="5" sl="26" sc="1" el="26" ec="2" bec="0" bev="0" fileid="5" />
                <SequencePoint vc="222" upsid="27" ordinal="6" sl="27" sc="1" el="27" ec="2" bec="0" bev="0" fileid="5" />
                <SequencePoint vc="222" upsid="28" ordinal="7" sl="28" sc="1" el="28" ec="2" bec="0" bev="0" fileid="5" />
                <SequencePoint vc="222" upsid="30" ordinal="8" sl="30" sc="1" el="30" ec="2" bec="0" bev="0" fileid="5" />
                <SequencePoint vc="222" upsid="32" ordinal="9" sl="32" sc="1" el="32" ec="2" bec="0" bev="0" fileid="5" />
                <SequencePoint vc="222" upsid="34" ordinal="10" sl="34" sc="1" el="34" ec="2" bec="0" bev="0" fileid="5" />
                <SequencePoint vc="56" upsid="36" ordinal="11" sl="36" sc="1" el="36" ec="2" bec="0" bev="0" fileid="5" />
                <SequencePoint vc="56" upsid="37" ordinal="12" sl="37" sc="1" el="37" ec="2" bec="0" bev="0" fileid="5" />
                <SequencePoint vc="166" upsid="39" ordinal="13" sl="39" sc="1" el="39" ec="2" bec="0" bev="0" fileid="5" />
                <SequencePoint vc="132" upsid="41" ordinal="14" sl="41" sc="1" el="41" ec="2" bec="0" bev="0" fileid="5" />
                <SequencePoint vc="222" upsid="44" ordinal="15" sl="44" sc="1" el="44" ec="2" bec="0" bev="0" fileid="5" />
                <SequencePoint vc="222" upsid="46" ordinal="16" sl="46" sc="1" el="46" ec="2" bec="0" bev="0" fileid="5" />
                <SequencePoint vc="222" upsid="47" ordinal="17" sl="47" sc="1" el="47" ec="2" bec="0" bev="0" fileid="5" />
              </SequencePoints>
              <BranchPoints>
                <BranchPoint vc="2147483647" upsid="19" ordinal="0" path="0" offset="8" offsetend="10" sl="19" fileid="5" />
                <BranchPoint vc="2147483647" upsid="19" ordinal="1" path="1" offset="8" offsetend="33" sl="19" fileid="5" />
                <BranchPoint vc="2147483647" upsid="21" ordinal="2" path="0" offset="35" offsetend="40" sl="21" fileid="5" />
                <BranchPoint vc="0" upsid="21" ordinal="3" path="1" offset="35" offsetend="296" sl="21" fileid="5" />
                <BranchPoint vc="2147483647" upsid="30" ordinal="4" path="0" offset="223" offsetend="228" sl="30" fileid="5" />
                <BranchPoint vc="2147483647" upsid="30" ordinal="5" path="1" offset="223" offsetend="439" sl="30" fileid="5" />
                <BranchPoint vc="0" upsid="32" ordinal="6" path="0" offset="258" offsetend="260" sl="32" fileid="5" />
                <BranchPoint vc="2147483647" upsid="32" ordinal="7" path="1" offset="258" offsetend="325" sl="32" fileid="5" />
                <BranchPoint vc="2147483647" upsid="34" ordinal="8" path="0" offset="360" offsetend="362" sl="34" fileid="5" />
                <BranchPoint vc="2147483647" upsid="34" ordinal="9" path="1" offset="360" offsetend="414" sl="34" fileid="5" />
                <BranchPoint vc="2147483647" upsid="39" ordinal="10" path="0" offset="420" offsetend="422" sl="39" fileid="5" />
                <BranchPoint vc="2147483647" upsid="39" ordinal="11" path="1" offset="420" offsetend="439" sl="39" fileid="5" />
              </BranchPoints>
              <MethodPoint vc="18" upsid="0" p8:type="SequencePoint" ordinal="0" offset="0" sc="0" sl="19" ec="1" el="47" bec="0" bev="0" fileid="5" xmlns:p8="xsi" />
            </Method>
          </Methods>
        </Class>
        <Class>
          <Summary numSequencePoints="16" visitedSequencePoints="13" numBranchPoints="14" visitedBranchPoints="10" sequenceCoverage="0.812" branchCoverage="0.714" maxCyclomaticComplexity="0" minCyclomaticComplexity="0" visitedClasses="1" numClasses="1" visitedMethods="3" numMethods="3" />
          <FullName>RestWell.Domain.Extensions.HttpClientExtension</FullName>
          <Methods>
            <Method cyclomaticComplexity="0" nPathComplexity="0" sequenceCoverage="0.8" branchCoverage="0.75" isConstructor="False" isGetter="False" isSetter="False" isStatic="True">
              <Summary numSequencePoints="5" visitedSequencePoints="4" numBranchPoints="4" visitedBranchPoints="3" sequenceCoverage="0.8" branchCoverage="0.75" maxCyclomaticComplexity="0" minCyclomaticComplexity="0" visitedClasses="0" numClasses="0" visitedMethods="1" numMethods="1" />
              <MetadataToken />
              <Name>System.Net.Http.HttpClient RestWell.Domain.Extensions.HttpClientExtension::AddRequestHeaders(System.Net.Http.HttpClient,System.Collections.Generic.IDictionary`2&lt;System.String,System.Collections.Generic.IEnumerable`1&lt;System.String&gt;&gt;)</Name>
              <FileRef uid="6" />
              <SequencePoints>
                <SequencePoint vc="860" upsid="38" ordinal="0" sl="38" sc="1" el="38" ec="2" bec="0" bev="0" fileid="6" />
                <SequencePoint vc="208" upsid="40" ordinal="1" sl="40" sc="1" el="40" ec="2" bec="0" bev="0" fileid="6" />
                <SequencePoint vc="0" upsid="42" ordinal="2" sl="42" sc="1" el="42" ec="2" bec="0" bev="0" fileid="6" />
                <SequencePoint vc="208" upsid="45" ordinal="3" sl="45" sc="1" el="45" ec="2" bec="0" bev="0" fileid="6" />
                <SequencePoint vc="222" upsid="48" ordinal="4" sl="48" sc="1" el="48" ec="2" bec="0" bev="0" fileid="6" />
              </SequencePoints>
              <BranchPoints>
                <BranchPoint vc="2147483647" upsid="38" ordinal="3" path="1" offset="86" offsetend="9" sl="38" fileid="6" />
                <BranchPoint vc="2147483647" upsid="38" ordinal="2" path="0" offset="86" offsetend="88" sl="38" fileid="6" />
                <BranchPoint vc="0" upsid="40" ordinal="0" path="0" offset="34" offsetend="36" sl="40" fileid="6" />
                <BranchPoint vc="2147483647" upsid="40" ordinal="1" path="1" offset="34" offsetend="55" sl="40" fileid="6" />
              </BranchPoints>
              <MethodPoint vc="4" upsid="0" p8:type="SequencePoint" ordinal="0" offset="0" sc="0" sl="38" ec="1" el="48" bec="0" bev="0" fileid="6" xmlns:p8="xsi" />
            </Method>
            <Method cyclomaticComplexity="0" nPathComplexity="0" sequenceCoverage="1" branchCoverage="0" isConstructor="False" isGetter="False" isSetter="False" isStatic="True">
              <Summary numSequencePoints="2" visitedSequencePoints="2" numBranchPoints="0" visitedBranchPoints="0" sequenceCoverage="1" branchCoverage="0" maxCyclomaticComplexity="0" minCyclomaticComplexity="0" visitedClasses="0" numClasses="0" visitedMethods="1" numMethods="1" />
              <MetadataToken />
              <Name>System.Net.Http.HttpClient RestWell.Domain.Extensions.HttpClientExtension::ClearCurrentHeaders(System.Net.Http.HttpClient)</Name>
              <FileRef uid="6" />
              <SequencePoints>
                <SequencePoint vc="222" upsid="53" ordinal="0" sl="53" sc="1" el="53" ec="2" bec="0" bev="0" fileid="6" />
                <SequencePoint vc="222" upsid="54" ordinal="1" sl="54" sc="1" el="54" ec="2" bec="0" bev="0" fileid="6" />
              </SequencePoints>
              <BranchPoints />
              <MethodPoint vc="2" upsid="0" p8:type="SequencePoint" ordinal="1" offset="1" sc="0" sl="53" ec="1" el="54" bec="0" bev="0" fileid="6" xmlns:p8="xsi" />
            </Method>
            <Method cyclomaticComplexity="0" nPathComplexity="0" sequenceCoverage="0.778" branchCoverage="0.7" isConstructor="False" isGetter="False" isSetter="False" isStatic="True">
              <Summary numSequencePoints="9" visitedSequencePoints="7" numBranchPoints="10" visitedBranchPoints="7" sequenceCoverage="0.778" branchCoverage="0.7" maxCyclomaticComplexity="0" minCyclomaticComplexity="0" visitedClasses="0" numClasses="0" visitedMethods="1" numMethods="1" />
              <MetadataToken />
              <Name>System.Net.Http.HttpClient RestWell.Domain.Extensions.HttpClientExtension::PopulateDefaultRequestHeaders(System.Net.Http.HttpClient,RestWell.Domain.Request.DefaultProxyRequestHeaders)</Name>
              <FileRef uid="6" />
              <SequencePoints>
                <SequencePoint vc="222" upsid="74" ordinal="0" sl="74" sc="1" el="74" ec="2" bec="0" bev="0" fileid="6" />
                <SequencePoint vc="14" upsid="76" ordinal="1" sl="76" sc="1" el="76" ec="2" bec="0" bev="0" fileid="6" />
                <SequencePoint vc="222" upsid="79" ordinal="2" sl="79" sc="1" el="79" ec="2" bec="0" bev="0" fileid="6" />
                <SequencePoint vc="472" upsid="81" ordinal="3" sl="81" sc="1" el="81" ec="2" bec="0" bev="0" fileid="6" />
                <SequencePoint vc="14" upsid="83" ordinal="4" sl="83" sc="1" el="83" ec="2" bec="0" bev="0" fileid="6" />
                <SequencePoint vc="222" upsid="87" ordinal="5" sl="87" sc="1" el="87" ec="2" bec="0" bev="0" fileid="6" />
                <SequencePoint vc="0" upsid="89" ordinal="6" sl="89" sc="1" el="89" ec="2" bec="0" bev="0" fileid="6" />
                <SequencePoint vc="0" upsid="91" ordinal="7" sl="91" sc="1" el="91" ec="2" bec="0" bev="0" fileid="6" />
                <SequencePoint vc="222" upsid="95" ordinal="8" sl="95" sc="1" el="95" ec="2" bec="0" bev="0" fileid="6" />
              </SequencePoints>
              <BranchPoints>
                <BranchPoint vc="16383" upsid="74" ordinal="0" path="0" offset="6" offsetend="8" sl="74" fileid="6" />
                <BranchPoint vc="2147483647" upsid="74" ordinal="1" path="1" offset="6" offsetend="25" sl="74" fileid="6" />
                <BranchPoint vc="2147483647" upsid="79" ordinal="2" path="0" offset="31" offsetend="33" sl="79" fileid="6" />
                <BranchPoint vc="2147483647" upsid="79" ordinal="3" path="1" offset="31" offsetend="91" sl="79" fileid="6" />
                <BranchPoint vc="16383" upsid="81" ordinal="5" path="1" offset="77" offsetend="47" sl="81" fileid="6" />
                <BranchPoint vc="2147483647" upsid="81" ordinal="4" path="0" offset="77" offsetend="79" sl="81" fileid="6" />
                <BranchPoint vc="0" upsid="87" ordinal="6" path="0" offset="102" offsetend="104" sl="87" fileid="6" />
                <BranchPoint vc="2147483647" upsid="87" ordinal="7" path="1" offset="102" offsetend="170" sl="87" fileid="6" />
                <BranchPoint vc="0" upsid="89" ordinal="9" path="1" offset="156" offsetend="118" sl="89" fileid="6" />
                <BranchPoint vc="0" upsid="89" ordinal="8" path="0" offset="156" offsetend="158" sl="89" fileid="6" />
              </BranchPoints>
              <MethodPoint vc="7" upsid="0" p8:type="SequencePoint" ordinal="2" offset="2" sc="0" sl="74" ec="1" el="95" bec="0" bev="0" fileid="6" xmlns:p8="xsi" />
            </Method>
          </Methods>
        </Class>
        <Class>
          <Summary numSequencePoints="7" visitedSequencePoints="7" numBranchPoints="10" visitedBranchPoints="10" sequenceCoverage="1" branchCoverage="1" maxCyclomaticComplexity="0" minCyclomaticComplexity="0" visitedClasses="1" numClasses="1" visitedMethods="1" numMethods="1" />
          <FullName>RestWell.Domain.Extensions.HttpClientExtension/&lt;InvokeAsync&gt;d__0`2</FullName>
          <Methods>
            <Method cyclomaticComplexity="0" nPathComplexity="0" sequenceCoverage="1" branchCoverage="1" isConstructor="False" isGetter="False" isSetter="False" isStatic="True">
              <Summary numSequencePoints="7" visitedSequencePoints="7" numBranchPoints="10" visitedBranchPoints="10" sequenceCoverage="1" branchCoverage="1" maxCyclomaticComplexity="0" minCyclomaticComplexity="0" visitedClasses="0" numClasses="0" visitedMethods="1" numMethods="1" />
              <MetadataToken />
              <Name>System.Void RestWell.Domain.Extensions.HttpClientExtension/&lt;InvokeAsync&gt;d__0`2::MoveNext()</Name>
              <FileRef uid="6" />
              <SequencePoints>
                <SequencePoint vc="222" upsid="20" ordinal="0" sl="20" sc="1" el="20" ec="2" bec="0" bev="0" fileid="6" />
                <SequencePoint vc="222" upsid="21" ordinal="1" sl="21" sc="1" el="21" ec="2" bec="0" bev="0" fileid="6" />
                <SequencePoint vc="222" upsid="22" ordinal="2" sl="22" sc="1" el="22" ec="2" bec="0" bev="0" fileid="6" />
                <SequencePoint vc="222" upsid="24" ordinal="3" sl="24" sc="1" el="24" ec="2" bec="0" bev="0" fileid="6" />
                <SequencePoint vc="210" upsid="26" ordinal="4" sl="26" sc="1" el="26" ec="2" bec="0" bev="0" fileid="6" />
                <SequencePoint vc="12" upsid="29" ordinal="5" sl="29" sc="1" el="29" ec="2" bec="0" bev="0" fileid="6" />
                <SequencePoint vc="222" upsid="30" ordinal="6" sl="30" sc="1" el="30" ec="2" bec="0" bev="0" fileid="6" />
              </SequencePoints>
              <BranchPoints>
                <BranchPoint vc="2147483647" upsid="20" ordinal="0" path="0" offset="8" offsetend="13" sl="20" fileid="6" />
                <BranchPoint vc="2147483647" upsid="20" ordinal="2" path="0" offset="15" offsetend="20" sl="20" fileid="6" />
                <BranchPoint vc="2147483647" upsid="20" ordinal="1" path="1" offset="8" offsetend="160" sl="20" fileid="6" />
                <BranchPoint vc="4095" upsid="20" ordinal="3" path="1" offset="15" offsetend="296" sl="20" fileid="6" />
                <BranchPoint vc="2147483647" upsid="24" ordinal="4" path="0" offset="75" offsetend="77" sl="24" fileid="6" />
                <BranchPoint vc="4095" upsid="24" ordinal="5" path="1" offset="75" offsetend="203" sl="24" fileid="6" />
                <BranchPoint vc="2147483647" upsid="26" ordinal="6" path="0" offset="123" offsetend="125" sl="26" fileid="6" />
                <BranchPoint vc="2147483647" upsid="26" ordinal="7" path="1" offset="123" offsetend="188" sl="26" fileid="6" />
                <BranchPoint vc="4095" upsid="29" ordinal="8" path="0" offset="261" offsetend="263" sl="29" fileid="6" />
                <BranchPoint vc="4095" upsid="29" ordinal="9" path="1" offset="261" offsetend="325" sl="29" fileid="6" />
              </BranchPoints>
              <MethodPoint vc="7" upsid="0" p8:type="SequencePoint" ordinal="0" offset="0" sc="0" sl="20" ec="1" el="30" bec="0" bev="0" fileid="6" xmlns:p8="xsi" />
            </Method>
          </Methods>
        </Class>
        <Class>
          <Summary numSequencePoints="5" visitedSequencePoints="5" numBranchPoints="4" visitedBranchPoints="4" sequenceCoverage="1" branchCoverage="1" maxCyclomaticComplexity="0" minCyclomaticComplexity="0" visitedClasses="1" numClasses="1" visitedMethods="1" numMethods="1" />
          <FullName>RestWell.Domain.Extensions.HttpClientExtension/&lt;InvokeAsJsonAsync&gt;d__3`1</FullName>
          <Methods>
            <Method cyclomaticComplexity="0" nPathComplexity="0" sequenceCoverage="1" branchCoverage="1" isConstructor="False" isGetter="False" isSetter="False" isStatic="True">
              <Summary numSequencePoints="5" visitedSequencePoints="5" numBranchPoints="4" visitedBranchPoints="4" sequenceCoverage="1" branchCoverage="1" maxCyclomaticComplexity="0" minCyclomaticComplexity="0" visitedClasses="0" numClasses="0" visitedMethods="1" numMethods="1" />
              <MetadataToken />
              <Name>System.Void RestWell.Domain.Extensions.HttpClientExtension/&lt;InvokeAsJsonAsync&gt;d__3`1::MoveNext()</Name>
              <FileRef uid="6" />
              <SequencePoints>
                <SequencePoint vc="12" upsid="59" ordinal="0" sl="59" sc="1" el="59" ec="2" bec="0" bev="0" fileid="6" />
                <SequencePoint vc="12" upsid="60" ordinal="1" sl="60" sc="1" el="60" ec="2" bec="0" bev="0" fileid="6" />
                <SequencePoint vc="12" upsid="61" ordinal="2" sl="61" sc="1" el="61" ec="2" bec="0" bev="0" fileid="6" />
                <SequencePoint vc="12" upsid="63" ordinal="3" sl="63" sc="1" el="63" ec="2" bec="0" bev="0" fileid="6" />
                <SequencePoint vc="12" upsid="64" ordinal="4" sl="64" sc="1" el="64" ec="2" bec="0" bev="0" fileid="6" />
              </SequencePoints>
              <BranchPoints>
                <BranchPoint vc="4095" upsid="59" ordinal="0" path="0" offset="8" offsetend="13" sl="59" fileid="6" />
                <BranchPoint vc="4095" upsid="59" ordinal="1" path="1" offset="8" offsetend="151" sl="59" fileid="6" />
                <BranchPoint vc="4095" upsid="63" ordinal="2" path="0" offset="116" offsetend="118" sl="63" fileid="6" />
                <BranchPoint vc="4095" upsid="63" ordinal="3" path="1" offset="116" offsetend="180" sl="63" fileid="6" />
              </BranchPoints>
              <MethodPoint vc="5" upsid="0" p8:type="SequencePoint" ordinal="0" offset="0" sc="0" sl="59" ec="1" el="64" bec="0" bev="0" fileid="6" xmlns:p8="xsi" />
            </Method>
          </Methods>
        </Class>
        <Class>
          <Summary numSequencePoints="3" visitedSequencePoints="3" numBranchPoints="2" visitedBranchPoints="2" sequenceCoverage="1" branchCoverage="1" maxCyclomaticComplexity="0" minCyclomaticComplexity="0" visitedClasses="1" numClasses="1" visitedMethods="1" numMethods="1" />
          <FullName>RestWell.Domain.Extensions.HttpClientExtension/&lt;InvokeAsync&gt;d__4</FullName>
          <Methods>
            <Method cyclomaticComplexity="0" nPathComplexity="0" sequenceCoverage="1" branchCoverage="1" isConstructor="False" isGetter="False" isSetter="False" isStatic="True">
              <Summary numSequencePoints="3" visitedSequencePoints="3" numBranchPoints="2" visitedBranchPoints="2" sequenceCoverage="1" branchCoverage="1" maxCyclomaticComplexity="0" minCyclomaticComplexity="0" visitedClasses="0" numClasses="0" visitedMethods="1" numMethods="1" />
              <MetadataToken />
              <Name>System.Void RestWell.Domain.Extensions.HttpClientExtension/&lt;InvokeAsync&gt;d__4::MoveNext()</Name>
              <FileRef uid="6" />
              <SequencePoints>
                <SequencePoint vc="210" upsid="68" ordinal="0" sl="68" sc="1" el="68" ec="2" bec="0" bev="0" fileid="6" />
                <SequencePoint vc="210" upsid="69" ordinal="1" sl="69" sc="1" el="69" ec="2" bec="0" bev="0" fileid="6" />
                <SequencePoint vc="210" upsid="70" ordinal="2" sl="70" sc="1" el="70" ec="2" bec="0" bev="0" fileid="6" />
              </SequencePoints>
              <BranchPoints>
                <BranchPoint vc="2147483647" upsid="69" ordinal="0" path="0" offset="70" offsetend="72" sl="69" fileid="6" />
                <BranchPoint vc="2147483647" upsid="69" ordinal="1" path="1" offset="70" offsetend="134" sl="69" fileid="6" />
              </BranchPoints>
              <MethodPoint vc="3" upsid="0" p8:type="SequencePoint" ordinal="0" offset="0" sc="0" sl="68" ec="1" el="70" bec="0" bev="0" fileid="6" xmlns:p8="xsi" />
            </Method>
          </Methods>
        </Class>
        <Class>
          <Summary numSequencePoints="2" visitedSequencePoints="2" numBranchPoints="2" visitedBranchPoints="2" sequenceCoverage="1" branchCoverage="1" maxCyclomaticComplexity="0" minCyclomaticComplexity="0" visitedClasses="1" numClasses="1" visitedMethods="2" numMethods="2" />
          <FullName>RestWell.Domain.Extensions.StringExtensions</FullName>
          <Methods>
            <Method cyclomaticComplexity="0" nPathComplexity="0" sequenceCoverage="1" branchCoverage="1" isConstructor="False" isGetter="False" isSetter="False" isStatic="True">
              <Summary numSequencePoints="1" visitedSequencePoints="1" numBranchPoints="2" visitedBranchPoints="2" sequenceCoverage="1" branchCoverage="1" maxCyclomaticComplexity="0" minCyclomaticComplexity="0" visitedClasses="0" numClasses="0" visitedMethods="1" numMethods="1" />
              <MetadataToken />
              <Name>System.Boolean RestWell.Domain.Extensions.StringExtensions::IsNullOrEmptyOrWhitespace(System.String)</Name>
              <FileRef uid="7" />
              <SequencePoints>
                <SequencePoint vc="603" upsid="11" ordinal="0" sl="11" sc="1" el="11" ec="2" bec="0" bev="0" fileid="7" />
              </SequencePoints>
              <BranchPoints>
                <BranchPoint vc="2147483647" upsid="11" ordinal="0" path="0" offset="6" offsetend="8" sl="11" fileid="7" />
                <BranchPoint vc="2147483647" upsid="11" ordinal="1" path="1" offset="6" offsetend="20" sl="11" fileid="7" />
              </BranchPoints>
              <MethodPoint vc="1" upsid="0" p8:type="SequencePoint" ordinal="0" offset="0" sc="0" sl="11" ec="1" el="11" bec="0" bev="0" fileid="7" xmlns:p8="xsi" />
            </Method>
            <Method cyclomaticComplexity="0" nPathComplexity="0" sequenceCoverage="1" branchCoverage="0" isConstructor="False" isGetter="False" isSetter="False" isStatic="True">
              <Summary numSequencePoints="1" visitedSequencePoints="1" numBranchPoints="0" visitedBranchPoints="0" sequenceCoverage="1" branchCoverage="0" maxCyclomaticComplexity="0" minCyclomaticComplexity="0" visitedClasses="0" numClasses="0" visitedMethods="1" numMethods="1" />
              <MetadataToken />
              <Name>TEnum RestWell.Domain.Extensions.StringExtensions::ToEnum(System.String,System.Boolean)</Name>
              <FileRef uid="7" />
              <SequencePoints>
                <SequencePoint vc="222" upsid="16" ordinal="0" sl="16" sc="1" el="16" ec="2" bec="0" bev="0" fileid="7" />
              </SequencePoints>
              <BranchPoints />
              <MethodPoint vc="1" upsid="0" p8:type="SequencePoint" ordinal="1" offset="1" sc="0" sl="16" ec="1" el="16" bec="0" bev="0" fileid="7" xmlns:p8="xsi" />
            </Method>
          </Methods>
        </Class>
        <Class>
          <Summary numSequencePoints="14" visitedSequencePoints="12" numBranchPoints="8" visitedBranchPoints="7" sequenceCoverage="0.857" branchCoverage="0.875" maxCyclomaticComplexity="0" minCyclomaticComplexity="0" visitedClasses="1" numClasses="1" visitedMethods="3" numMethods="4" />
          <FullName>RestWell.Client.Proxy</FullName>
          <Methods>
            <Method cyclomaticComplexity="0" nPathComplexity="0" sequenceCoverage="0" branchCoverage="0" isConstructor="True" isGetter="False" isSetter="False" isStatic="True">
              <Summary numSequencePoints="2" visitedSequencePoints="0" numBranchPoints="0" visitedBranchPoints="0" sequenceCoverage="0" branchCoverage="0" maxCyclomaticComplexity="0" minCyclomaticComplexity="0" visitedClasses="0" numClasses="0" visitedMethods="0" numMethods="1" />
              <MetadataToken />
              <Name>System.Void RestWell.Client.Proxy::.ctor()</Name>
              <FileRef uid="8" />
              <SequencePoints>
                <SequencePoint vc="0" upsid="25" ordinal="0" sl="25" sc="1" el="25" ec="2" bec="0" bev="0" fileid="8" />
                <SequencePoint vc="0" upsid="27" ordinal="1" sl="27" sc="1" el="27" ec="2" bec="0" bev="0" fileid="8" />
              </SequencePoints>
              <BranchPoints />
              <MethodPoint vc="0" upsid="0" p8:type="SequencePoint" ordinal="0" offset="0" sc="0" sl="25" ec="1" el="27" bec="0" bev="0" fileid="8" xmlns:p8="xsi" />
            </Method>
            <Method cyclomaticComplexity="0" nPathComplexity="0" sequenceCoverage="1" branchCoverage="1" isConstructor="True" isGetter="False" isSetter="False" isStatic="True">
              <Summary numSequencePoints="4" visitedSequencePoints="4" numBranchPoints="2" visitedBranchPoints="2" sequenceCoverage="1" branchCoverage="1" maxCyclomaticComplexity="0" minCyclomaticComplexity="0" visitedClasses="0" numClasses="0" visitedMethods="1" numMethods="1" />
              <MetadataToken />
              <Name>System.Void RestWell.Client.Proxy::.ctor(RestWell.Client.IProxyConfiguration)</Name>
              <FileRef uid="8" />
              <SequencePoints>
                <SequencePoint vc="167" upsid="29" ordinal="0" sl="29" sc="1" el="29" ec="2" bec="0" bev="0" fileid="8" />
                <SequencePoint vc="167" upsid="31" ordinal="1" sl="31" sc="1" el="31" ec="2" bec="0" bev="0" fileid="8" />
                <SequencePoint vc="167" upsid="32" ordinal="2" sl="32" sc="1" el="32" ec="2" bec="0" bev="0" fileid="8" />
                <SequencePoint vc="167" upsid="33" ordinal="3" sl="33" sc="1" el="33" ec="2" bec="0" bev="0" fileid="8" />
              </SequencePoints>
              <BranchPoints>
                <BranchPoint vc="2147483647" upsid="31" ordinal="0" path="0" offset="9" offsetend="11" sl="31" fileid="8" />
                <BranchPoint vc="2147483647" upsid="31" ordinal="1" path="1" offset="9" offsetend="17" sl="31" fileid="8" />
              </BranchPoints>
              <MethodPoint vc="4" upsid="0" p8:type="SequencePoint" ordinal="1" offset="1" sc="0" sl="29" ec="1" el="33" bec="0" bev="0" fileid="8" xmlns:p8="xsi" />
            </Method>
            <Method cyclomaticComplexity="0" nPathComplexity="0" sequenceCoverage="1" branchCoverage="0" isConstructor="False" isGetter="False" isSetter="False" isStatic="True">
              <Summary numSequencePoints="3" visitedSequencePoints="3" numBranchPoints="0" visitedBranchPoints="0" sequenceCoverage="1" branchCoverage="0" maxCyclomaticComplexity="0" minCyclomaticComplexity="0" visitedClasses="0" numClasses="0" visitedMethods="1" numMethods="1" />
              <MetadataToken />
              <Name>System.Void RestWell.Client.Proxy::Dispose()</Name>
              <FileRef uid="8" />
              <SequencePoints>
                <SequencePoint vc="167" upsid="41" ordinal="0" sl="41" sc="1" el="41" ec="2" bec="0" bev="0" fileid="8" />
                <SequencePoint vc="167" upsid="42" ordinal="1" sl="42" sc="1" el="42" ec="2" bec="0" bev="0" fileid="8" />
                <SequencePoint vc="167" upsid="43" ordinal="2" sl="43" sc="1" el="43" ec="2" bec="0" bev="0" fileid="8" />
              </SequencePoints>
              <BranchPoints />
              <MethodPoint vc="3" upsid="0" p8:type="SequencePoint" ordinal="2" offset="2" sc="0" sl="41" ec="1" el="43" bec="0" bev="0" fileid="8" xmlns:p8="xsi" />
            </Method>
            <Method cyclomaticComplexity="0" nPathComplexity="0" sequenceCoverage="1" branchCoverage="0.833" isConstructor="False" isGetter="False" isSetter="False" isStatic="True">
              <Summary numSequencePoints="5" visitedSequencePoints="5" numBranchPoints="6" visitedBranchPoints="5" sequenceCoverage="1" branchCoverage="0.833" maxCyclomaticComplexity="0" minCyclomaticComplexity="0" visitedClasses="0" numClasses="0" visitedMethods="1" numMethods="1" />
              <MetadataToken />
              <Name>System.Void RestWell.Client.Proxy::Dispose(System.Boolean)</Name>
              <FileRef uid="8" />
              <SequencePoints>
                <SequencePoint vc="167" upsid="63" ordinal="0" sl="63" sc="1" el="63" ec="2" bec="0" bev="0" fileid="8" />
                <SequencePoint vc="167" upsid="65" ordinal="1" sl="65" sc="1" el="65" ec="2" bec="0" bev="0" fileid="8" />
                <SequencePoint vc="167" upsid="67" ordinal="2" sl="67" sc="1" el="67" ec="2" bec="0" bev="0" fileid="8" />
                <SequencePoint vc="167" upsid="70" ordinal="3" sl="70" sc="1" el="70" ec="2" bec="0" bev="0" fileid="8" />
                <SequencePoint vc="167" upsid="72" ordinal="4" sl="72" sc="1" el="72" ec="2" bec="0" bev="0" fileid="8" />
              </SequencePoints>
              <BranchPoints>
                <BranchPoint vc="2147483647" upsid="63" ordinal="0" path="0" offset="6" offsetend="8" sl="63" fileid="8" />
                <BranchPoint vc="2147483647" upsid="63" ordinal="1" path="1" offset="6" offsetend="35" sl="63" fileid="8" />
                <BranchPoint vc="2147483647" upsid="65" ordinal="2" path="0" offset="9" offsetend="11" sl="65" fileid="8" />
                <BranchPoint vc="2147483647" upsid="65" ordinal="3" path="1" offset="9" offsetend="28" sl="65" fileid="8" />
                <BranchPoint vc="0" upsid="67" ordinal="4" path="0" offset="18" offsetend="20" sl="67" fileid="8" />
                <BranchPoint vc="2147483647" upsid="67" ordinal="5" path="1" offset="18" offsetend="23" sl="67" fileid="8" />
              </BranchPoints>
              <MethodPoint vc="5" upsid="0" p8:type="SequencePoint" ordinal="3" offset="3" sc="0" sl="63" ec="1" el="72" bec="0" bev="0" fileid="8" xmlns:p8="xsi" />
            </Method>
          </Methods>
        </Class>
        <Class>
          <Summary numSequencePoints="2" visitedSequencePoints="2" numBranchPoints="4" visitedBranchPoints="4" sequenceCoverage="1" branchCoverage="1" maxCyclomaticComplexity="0" minCyclomaticComplexity="0" visitedClasses="1" numClasses="1" visitedMethods="1" numMethods="1" />
          <FullName>RestWell.Client.Proxy/&lt;InvokeAsync&gt;d__6`2</FullName>
          <Methods>
            <Method cyclomaticComplexity="0" nPathComplexity="0" sequenceCoverage="1" branchCoverage="1" isConstructor="False" isGetter="False" isSetter="False" isStatic="True">
              <Summary numSequencePoints="2" visitedSequencePoints="2" numBranchPoints="4" visitedBranchPoints="4" sequenceCoverage="1" branchCoverage="1" maxCyclomaticComplexity="0" minCyclomaticComplexity="0" visitedClasses="0" numClasses="0" visitedMethods="1" numMethods="1" />
              <MetadataToken />
              <Name>System.Void RestWell.Client.Proxy/&lt;InvokeAsync&gt;d__6`2::MoveNext()</Name>
              <FileRef uid="8" />
              <SequencePoints>
                <SequencePoint vc="222" upsid="54" ordinal="0" sl="54" sc="1" el="54" ec="2" bec="0" bev="0" fileid="8" />
                <SequencePoint vc="222" upsid="55" ordinal="1" sl="55" sc="1" el="55" ec="2" bec="0" bev="0" fileid="8" />
              </SequencePoints>
              <BranchPoints>
                <BranchPoint vc="2147483647" upsid="54" ordinal="0" path="0" offset="15" offsetend="17" sl="54" fileid="8" />
                <BranchPoint vc="2147483647" upsid="54" ordinal="2" path="0" offset="43" offsetend="45" sl="54" fileid="8" />
                <BranchPoint vc="2147483647" upsid="54" ordinal="1" path="1" offset="15" offsetend="78" sl="54" fileid="8" />
                <BranchPoint vc="2147483647" upsid="54" ordinal="3" path="1" offset="43" offsetend="107" sl="54" fileid="8" />
              </BranchPoints>
              <MethodPoint vc="2" upsid="0" p8:type="SequencePoint" ordinal="0" offset="0" sc="0" sl="54" ec="1" el="55" bec="0" bev="0" fileid="8" xmlns:p8="xsi" />
            </Method>
          </Methods>
        </Class>
        <Class>
          <Summary numSequencePoints="12" visitedSequencePoints="4" numBranchPoints="14" visitedBranchPoints="11" sequenceCoverage="0.333" branchCoverage="0.786" maxCyclomaticComplexity="0" minCyclomaticComplexity="0" visitedClasses="1" numClasses="1" visitedMethods="1" numMethods="1" />
          <FullName>RestWell.Client.Proxy/&lt;InvokeRequestAsync&gt;d__8`2</FullName>
          <Methods>
            <Method cyclomaticComplexity="0" nPathComplexity="0" sequenceCoverage="0.333" branchCoverage="0.786" isConstructor="False" isGetter="False" isSetter="False" isStatic="True">
              <Summary numSequencePoints="12" visitedSequencePoints="4" numBranchPoints="14" visitedBranchPoints="11" sequenceCoverage="0.333" branchCoverage="0.786" maxCyclomaticComplexity="0" minCyclomaticComplexity="0" visitedClasses="0" numClasses="0" visitedMethods="1" numMethods="1" />
              <MetadataToken />
              <Name>System.Void RestWell.Client.Proxy/&lt;InvokeRequestAsync&gt;d__8`2::MoveNext()</Name>
              <FileRef uid="8" />
              <SequencePoints>
                <SequencePoint vc="222" upsid="76" ordinal="0" sl="76" sc="1" el="76" ec="2" bec="0" bev="0" fileid="8" />
                <SequencePoint vc="0" upsid="78" ordinal="1" sl="78" sc="1" el="78" ec="2" bec="0" bev="0" fileid="8" />
                <SequencePoint vc="0" upsid="79" ordinal="2" sl="79" sc="1" el="79" ec="2" bec="0" bev="0" fileid="8" />
                <SequencePoint vc="0" upsid="80" ordinal="3" sl="80" sc="1" el="80" ec="2" bec="0" bev="0" fileid="8" />
                <SequencePoint vc="0" upsid="81" ordinal="4" sl="81" sc="1" el="81" ec="2" bec="0" bev="0" fileid="8" />
                <SequencePoint vc="0" upsid="82" ordinal="5" sl="82" sc="1" el="82" ec="2" bec="0" bev="0" fileid="8" />
                <SequencePoint vc="0" upsid="83" ordinal="6" sl="83" sc="1" el="83" ec="2" bec="0" bev="0" fileid="8" />
                <SequencePoint vc="222" upsid="88" ordinal="7" sl="88" sc="1" el="88" ec="2" bec="0" bev="0" fileid="8" />
                <SequencePoint vc="222" upsid="90" ordinal="8" sl="90" sc="1" el="90" ec="2" bec="0" bev="0" fileid="8" />
                <SequencePoint vc="0" upsid="93" ordinal="9" sl="93" sc="1" el="93" ec="2" bec="0" bev="0" fileid="8" />
                <SequencePoint vc="0" upsid="95" ordinal="10" sl="95" sc="1" el="95" ec="2" bec="0" bev="0" fileid="8" />
                <SequencePoint vc="222" upsid="97" ordinal="11" sl="97" sc="1" el="97" ec="2" bec="0" bev="0" fileid="8" />
              </SequencePoints>
              <BranchPoints>
                <BranchPoint vc="2147483647" upsid="76" ordinal="0" path="0" offset="16" offsetend="18" sl="76" fileid="8" />
                <BranchPoint vc="0" upsid="76" ordinal="2" path="0" offset="29" offsetend="31" sl="76" fileid="8" />
                <BranchPoint vc="2147483647" upsid="76" ordinal="1" path="1" offset="16" offsetend="71" sl="76" fileid="8" />
                <BranchPoint vc="2147483647" upsid="76" ordinal="3" path="1" offset="29" offsetend="71" sl="76" fileid="8" />
                <BranchPoint vc="2147483647" upsid="78" ordinal="4" path="0" offset="73" offsetend="75" sl="78" fileid="8" />
                <BranchPoint vc="2147483647" upsid="78" ordinal="6" path="0" offset="77" offsetend="79" sl="78" fileid="8" />
                <BranchPoint vc="2147483647" upsid="78" ordinal="5" path="1" offset="73" offsetend="159" sl="78" fileid="8" />
                <BranchPoint vc="2147483647" upsid="78" ordinal="7" path="1" offset="77" offsetend="203" sl="78" fileid="8" />
                <BranchPoint vc="2147483647" upsid="88" ordinal="8" path="0" offset="121" offsetend="123" sl="88" fileid="8" />
                <BranchPoint vc="2147483647" upsid="88" ordinal="9" path="1" offset="121" offsetend="188" sl="88" fileid="8" />
                <BranchPoint vc="2147483647" upsid="88" ordinal="10" path="0" offset="206" offsetend="208" sl="88" fileid="8" />
                <BranchPoint vc="0" upsid="88" ordinal="11" path="1" offset="206" offsetend="268" sl="88" fileid="8" />
                <BranchPoint vc="0" upsid="90" ordinal="12" path="0" offset="233" offsetend="235" sl="90" fileid="8" />
                <BranchPoint vc="2147483647" upsid="90" ordinal="13" path="1" offset="233" offsetend="297" sl="90" fileid="8" />
              </BranchPoints>
              <MethodPoint vc="4" upsid="0" p8:type="SequencePoint" ordinal="0" offset="0" sc="0" sl="76" ec="1" el="97" bec="0" bev="0" fileid="8" xmlns:p8="xsi" />
            </Method>
          </Methods>
        </Class>
        <Class>
          <Summary numSequencePoints="6" visitedSequencePoints="6" numBranchPoints="0" visitedBranchPoints="0" sequenceCoverage="1" branchCoverage="0" maxCyclomaticComplexity="0" minCyclomaticComplexity="0" visitedClasses="1" numClasses="1" visitedMethods="3" numMethods="3" />
          <FullName>RestWell.Client.ProxyConfiguration</FullName>
          <Methods>
            <Method cyclomaticComplexity="0" nPathComplexity="0" sequenceCoverage="1" branchCoverage="0" isConstructor="True" isGetter="False" isSetter="False" isStatic="True">
              <Summary numSequencePoints="4" visitedSequencePoints="4" numBranchPoints="0" visitedBranchPoints="0" sequenceCoverage="1" branchCoverage="0" maxCyclomaticComplexity="0" minCyclomaticComplexity="0" visitedClasses="0" numClasses="0" visitedMethods="1" numMethods="1" />
              <MetadataToken />
              <Name>System.Void RestWell.Client.ProxyConfiguration::.ctor()</Name>
              <FileRef uid="9" />
              <SequencePoints>
                <SequencePoint vc="167" upsid="12" ordinal="0" sl="12" sc="1" el="12" ec="2" bec="0" bev="0" fileid="9" />
                <SequencePoint vc="167" upsid="14" ordinal="1" sl="14" sc="1" el="14" ec="2" bec="0" bev="0" fileid="9" />
                <SequencePoint vc="167" upsid="15" ordinal="2" sl="15" sc="1" el="15" ec="2" bec="0" bev="0" fileid="9" />
                <SequencePoint vc="167" upsid="16" ordinal="3" sl="16" sc="1" el="16" ec="2" bec="0" bev="0" fileid="9" />
              </SequencePoints>
              <BranchPoints />
              <MethodPoint vc="4" upsid="0" p8:type="SequencePoint" ordinal="0" offset="0" sc="0" sl="12" ec="1" el="16" bec="0" bev="0" fileid="9" xmlns:p8="xsi" />
            </Method>
            <Method cyclomaticComplexity="0" nPathComplexity="0" sequenceCoverage="1" branchCoverage="0" isConstructor="False" isGetter="True" isSetter="False" isStatic="True">
              <Summary numSequencePoints="1" visitedSequencePoints="1" numBranchPoints="0" visitedBranchPoints="0" sequenceCoverage="1" branchCoverage="0" maxCyclomaticComplexity="0" minCyclomaticComplexity="0" visitedClasses="0" numClasses="0" visitedMethods="1" numMethods="1" />
              <MetadataToken />
              <Name>RestWell.Domain.Request.DefaultProxyRequestHeaders RestWell.Client.ProxyConfiguration::get_DefaultProxyRequestHeaders()</Name>
              <FileRef uid="9" />
              <SequencePoints>
                <SequencePoint vc="417" upsid="27" ordinal="0" sl="27" sc="1" el="27" ec="2" bec="0" bev="0" fileid="9" />
              </SequencePoints>
              <BranchPoints />
              <MethodPoint vc="1" upsid="0" p8:type="SequencePoint" ordinal="1" offset="1" sc="0" sl="27" ec="1" el="27" bec="0" bev="0" fileid="9" xmlns:p8="xsi" />
            </Method>
            <Method cyclomaticComplexity="0" nPathComplexity="0" sequenceCoverage="1" branchCoverage="0" isConstructor="False" isGetter="True" isSetter="False" isStatic="True">
              <Summary numSequencePoints="1" visitedSequencePoints="1" numBranchPoints="0" visitedBranchPoints="0" sequenceCoverage="1" branchCoverage="0" maxCyclomaticComplexity="0" minCyclomaticComplexity="0" visitedClasses="0" numClasses="0" visitedMethods="1" numMethods="1" />
              <MetadataToken />
              <Name>System.Collections.Generic.IDictionary`2&lt;System.Type,System.Net.Http.DelegatingHandler&gt; RestWell.Client.ProxyConfiguration::get_DelegatingHandlers()</Name>
              <FileRef uid="9" />
              <SequencePoints>
                <SequencePoint vc="446" upsid="33" ordinal="0" sl="33" sc="1" el="33" ec="2" bec="0" bev="0" fileid="9" />
              </SequencePoints>
              <BranchPoints />
              <MethodPoint vc="1" upsid="0" p8:type="SequencePoint" ordinal="2" offset="2" sc="0" sl="33" ec="1" el="33" bec="0" bev="0" fileid="9" xmlns:p8="xsi" />
            </Method>
          </Methods>
        </Class>
        <Class>
          <Summary numSequencePoints="16" visitedSequencePoints="14" numBranchPoints="4" visitedBranchPoints="4" sequenceCoverage="0.875" branchCoverage="1" maxCyclomaticComplexity="0" minCyclomaticComplexity="0" visitedClasses="1" numClasses="1" visitedMethods="7" numMethods="8" />
          <FullName>RestWell.Client.ProxyConfigurationBuilder</FullName>
          <Methods>
            <Method cyclomaticComplexity="0" nPathComplexity="0" sequenceCoverage="1" branchCoverage="0" isConstructor="True" isGetter="False" isSetter="False" isStatic="True">
              <Summary numSequencePoints="3" visitedSequencePoints="3" numBranchPoints="0" visitedBranchPoints="0" sequenceCoverage="1" branchCoverage="0" maxCyclomaticComplexity="0" minCyclomaticComplexity="0" visitedClasses="0" numClasses="0" visitedMethods="1" numMethods="1" />
              <MetadataToken />
              <Name>System.Void RestWell.Client.ProxyConfigurationBuilder::.ctor()</Name>
              <FileRef uid="10" />
              <SequencePoints>
                <SequencePoint vc="84" upsid="19" ordinal="0" sl="19" sc="1" el="19" ec="2" bec="0" bev="0" fileid="10" />
                <SequencePoint vc="84" upsid="21" ordinal="1" sl="21" sc="1" el="21" ec="2" bec="0" bev="0" fileid="10" />
                <SequencePoint vc="84" upsid="22" ordinal="2" sl="22" sc="1" el="22" ec="2" bec="0" bev="0" fileid="10" />
              </SequencePoints>
              <BranchPoints />
              <MethodPoint vc="3" upsid="0" p8:type="SequencePoint" ordinal="0" offset="0" sc="0" sl="19" ec="1" el="22" bec="0" bev="0" fileid="10" xmlns:p8="xsi" />
            </Method>
            <Method cyclomaticComplexity="0" nPathComplexity="0" sequenceCoverage="1" branchCoverage="0" isConstructor="False" isGetter="False" isSetter="False" isStatic="True">
              <Summary numSequencePoints="1" visitedSequencePoints="1" numBranchPoints="0" visitedBranchPoints="0" sequenceCoverage="1" branchCoverage="0" maxCyclomaticComplexity="0" minCyclomaticComplexity="0" visitedClasses="0" numClasses="0" visitedMethods="1" numMethods="1" />
              <MetadataToken />
              <Name>RestWell.Client.ProxyConfigurationBuilder RestWell.Client.ProxyConfigurationBuilder::CreateBuilder()</Name>
              <FileRef uid="10" />
              <SequencePoints>
                <SequencePoint vc="84" upsid="28" ordinal="0" sl="28" sc="1" el="28" ec="2" bec="0" bev="0" fileid="10" />
              </SequencePoints>
              <BranchPoints />
              <MethodPoint vc="1" upsid="0" p8:type="SequencePoint" ordinal="1" offset="1" sc="0" sl="28" ec="1" el="28" bec="0" bev="0" fileid="10" xmlns:p8="xsi" />
            </Method>
            <Method cyclomaticComplexity="0" nPathComplexity="0" sequenceCoverage="1" branchCoverage="0" isConstructor="False" isGetter="False" isSetter="False" isStatic="True">
              <Summary numSequencePoints="1" visitedSequencePoints="1" numBranchPoints="0" visitedBranchPoints="0" sequenceCoverage="1" branchCoverage="0" maxCyclomaticComplexity="0" minCyclomaticComplexity="0" visitedClasses="0" numClasses="0" visitedMethods="1" numMethods="1" />
              <MetadataToken />
              <Name>RestWell.Client.ProxyConfigurationBuilder RestWell.Client.ProxyConfigurationBuilder::AddDelegatingAction(System.Action`2&lt;System.Net.Http.HttpRequestMessage,System.Threading.CancellationToken&gt;)</Name>
              <FileRef uid="10" />
              <SequencePoints>
                <SequencePoint vc="14" upsid="37" ordinal="0" sl="37" sc="1" el="37" ec="2" bec="0" bev="0" fileid="10" />
              </SequencePoints>
              <BranchPoints />
              <MethodPoint vc="1" upsid="0" p8:type="SequencePoint" ordinal="2" offset="2" sc="0" sl="37" ec="1" el="37" bec="0" bev="0" fileid="10" xmlns:p8="xsi" />
            </Method>
            <Method cyclomaticComplexity="0" nPathComplexity="0" sequenceCoverage="1" branchCoverage="1" isConstructor="False" isGetter="False" isSetter="False" isStatic="True">
              <Summary numSequencePoints="4" visitedSequencePoints="4" numBranchPoints="4" visitedBranchPoints="4" sequenceCoverage="1" branchCoverage="1" maxCyclomaticComplexity="0" minCyclomaticComplexity="0" visitedClasses="0" numClasses="0" visitedMethods="1" numMethods="1" />
              <MetadataToken />
              <Name>RestWell.Client.ProxyConfigurationBuilder RestWell.Client.ProxyConfigurationBuilder::AddDelegatingHandlers(System.Net.Http.DelegatingHandler[])</Name>
              <FileRef uid="10" />
              <SequencePoints>
                <SequencePoint vc="308" upsid="47" ordinal="0" sl="47" sc="1" el="47" ec="2" bec="0" bev="0" fileid="10" />
                <SequencePoint vc="56" upsid="49" ordinal="1" sl="49" sc="1" el="49" ec="2" bec="0" bev="0" fileid="10" />
                <SequencePoint vc="56" upsid="51" ordinal="2" sl="51" sc="1" el="51" ec="2" bec="0" bev="0" fileid="10" />
                <SequencePoint vc="98" upsid="55" ordinal="3" sl="55" sc="1" el="55" ec="2" bec="0" bev="0" fileid="10" />
              </SequencePoints>
              <BranchPoints>
                <BranchPoint vc="2147483647" upsid="47" ordinal="3" path="1" offset="65" offsetend="6" sl="47" fileid="10" />
                <BranchPoint vc="2147483647" upsid="47" ordinal="2" path="0" offset="65" offsetend="67" sl="47" fileid="10" />
                <BranchPoint vc="2147483647" upsid="49" ordinal="0" path="0" offset="32" offsetend="34" sl="49" fileid="10" />
                <BranchPoint vc="2147483647" upsid="49" ordinal="1" path="1" offset="32" offsetend="57" sl="49" fileid="10" />
              </BranchPoints>
              <MethodPoint vc="4" upsid="0" p8:type="SequencePoint" ordinal="3" offset="3" sc="0" sl="47" ec="1" el="55" bec="0" bev="0" fileid="10" xmlns:p8="xsi" />
            </Method>
            <Method cyclomaticComplexity="0" nPathComplexity="0" sequenceCoverage="1" branchCoverage="0" isConstructor="False" isGetter="False" isSetter="False" isStatic="True">
              <Summary numSequencePoints="1" visitedSequencePoints="1" numBranchPoints="0" visitedBranchPoints="0" sequenceCoverage="1" branchCoverage="0" maxCyclomaticComplexity="0" minCyclomaticComplexity="0" visitedClasses="0" numClasses="0" visitedMethods="1" numMethods="1" />
              <MetadataToken />
              <Name>RestWell.Client.IProxyConfiguration RestWell.Client.ProxyConfigurationBuilder::Build()</Name>
              <FileRef uid="10" />
              <SequencePoints>
                <SequencePoint vc="84" upsid="64" ordinal="0" sl="64" sc="1" el="64" ec="2" bec="0" bev="0" fileid="10" />
              </SequencePoints>
              <BranchPoints />
              <MethodPoint vc="1" upsid="0" p8:type="SequencePoint" ordinal="4" offset="4" sc="0" sl="64" ec="1" el="64" bec="0" bev="0" fileid="10" xmlns:p8="xsi" />
            </Method>
            <Method cyclomaticComplexity="0" nPathComplexity="0" sequenceCoverage="1" branchCoverage="0" isConstructor="False" isGetter="False" isSetter="False" isStatic="True">
              <Summary numSequencePoints="2" visitedSequencePoints="2" numBranchPoints="0" visitedBranchPoints="0" sequenceCoverage="1" branchCoverage="0" maxCyclomaticComplexity="0" minCyclomaticComplexity="0" visitedClasses="0" numClasses="0" visitedMethods="1" numMethods="1" />
              <MetadataToken />
              <Name>RestWell.Client.ProxyConfigurationBuilder RestWell.Client.ProxyConfigurationBuilder::UseDefaultAcceptHeader(System.Net.Http.Headers.MediaTypeWithQualityHeaderValue)</Name>
              <FileRef uid="10" />
              <SequencePoints>
                <SequencePoint vc="14" upsid="74" ordinal="0" sl="74" sc="1" el="74" ec="2" bec="0" bev="0" fileid="10" />
                <SequencePoint vc="14" upsid="75" ordinal="1" sl="75" sc="1" el="75" ec="2" bec="0" bev="0" fileid="10" />
              </SequencePoints>
              <BranchPoints />
              <MethodPoint vc="2" upsid="0" p8:type="SequencePoint" ordinal="5" offset="5" sc="0" sl="74" ec="1" el="75" bec="0" bev="0" fileid="10" xmlns:p8="xsi" />
            </Method>
            <Method cyclomaticComplexity="0" nPathComplexity="0" sequenceCoverage="1" branchCoverage="0" isConstructor="False" isGetter="False" isSetter="False" isStatic="True">
              <Summary numSequencePoints="2" visitedSequencePoints="2" numBranchPoints="0" visitedBranchPoints="0" sequenceCoverage="1" branchCoverage="0" maxCyclomaticComplexity="0" minCyclomaticComplexity="0" visitedClasses="0" numClasses="0" visitedMethods="1" numMethods="1" />
              <MetadataToken />
              <Name>RestWell.Client.ProxyConfigurationBuilder RestWell.Client.ProxyConfigurationBuilder::UseDefaultAuthorizationHeader(System.Net.Http.Headers.AuthenticationHeaderValue)</Name>
              <FileRef uid="10" />
              <SequencePoints>
                <SequencePoint vc="14" upsid="85" ordinal="0" sl="85" sc="1" el="85" ec="2" bec="0" bev="0" fileid="10" />
                <SequencePoint vc="14" upsid="86" ordinal="1" sl="86" sc="1" el="86" ec="2" bec="0" bev="0" fileid="10" />
              </SequencePoints>
              <BranchPoints />
              <MethodPoint vc="2" upsid="0" p8:type="SequencePoint" ordinal="6" offset="6" sc="0" sl="85" ec="1" el="86" bec="0" bev="0" fileid="10" xmlns:p8="xsi" />
            </Method>
            <Method cyclomaticComplexity="0" nPathComplexity="0" sequenceCoverage="0" branchCoverage="0" isConstructor="False" isGetter="False" isSetter="False" isStatic="True">
              <Summary numSequencePoints="2" visitedSequencePoints="0" numBranchPoints="0" visitedBranchPoints="0" sequenceCoverage="0" branchCoverage="0" maxCyclomaticComplexity="0" minCyclomaticComplexity="0" visitedClasses="0" numClasses="0" visitedMethods="0" numMethods="1" />
              <MetadataToken />
              <Name>RestWell.Client.ProxyConfigurationBuilder RestWell.Client.ProxyConfigurationBuilder::UseDefaultHeader(System.String,System.String[])</Name>
              <FileRef uid="10" />
              <SequencePoints>
                <SequencePoint vc="0" upsid="97" ordinal="0" sl="97" sc="1" el="97" ec="2" bec="0" bev="0" fileid="10" />
                <SequencePoint vc="0" upsid="98" ordinal="1" sl="98" sc="1" el="98" ec="2" bec="0" bev="0" fileid="10" />
              </SequencePoints>
              <BranchPoints />
              <MethodPoint vc="0" upsid="0" p8:type="SequencePoint" ordinal="7" offset="7" sc="0" sl="97" ec="1" el="98" bec="0" bev="0" fileid="10" xmlns:p8="xsi" />
            </Method>
          </Methods>
        </Class>
        <Class>
          <Summary numSequencePoints="20" visitedSequencePoints="18" numBranchPoints="8" visitedBranchPoints="6" sequenceCoverage="0.9" branchCoverage="0.75" maxCyclomaticComplexity="0" minCyclomaticComplexity="0" visitedClasses="1" numClasses="1" visitedMethods="4" numMethods="5" />
          <FullName>RestWell.Client.Testing.TestProxy</FullName>
          <Methods>
            <Method cyclomaticComplexity="0" nPathComplexity="0" sequenceCoverage="1" branchCoverage="0" isConstructor="True" isGetter="False" isSetter="False" isStatic="True">
              <Summary numSequencePoints="4" visitedSequencePoints="4" numBranchPoints="0" visitedBranchPoints="0" sequenceCoverage="1" branchCoverage="0" maxCyclomaticComplexity="0" minCyclomaticComplexity="0" visitedClasses="0" numClasses="0" visitedMethods="1" numMethods="1" />
              <MetadataToken />
              <Name>System.Void RestWell.Client.Testing.TestProxy::.ctor()</Name>
              <FileRef uid="11" />
              <SequencePoints>
                <SequencePoint vc="60" upsid="21" ordinal="0" sl="21" sc="1" el="21" ec="2" bec="0" bev="0" fileid="11" />
                <SequencePoint vc="60" upsid="23" ordinal="1" sl="23" sc="1" el="23" ec="2" bec="0" bev="0" fileid="11" />
                <SequencePoint vc="60" upsid="24" ordinal="2" sl="24" sc="1" el="24" ec="2" bec="0" bev="0" fileid="11" />
                <SequencePoint vc="60" upsid="25" ordinal="3" sl="25" sc="1" el="25" ec="2" bec="0" bev="0" fileid="11" />
              </SequencePoints>
              <BranchPoints />
              <MethodPoint vc="4" upsid="0" p8:type="SequencePoint" ordinal="0" offset="0" sc="0" sl="21" ec="1" el="25" bec="0" bev="0" fileid="11" xmlns:p8="xsi" />
            </Method>
            <Method cyclomaticComplexity="0" nPathComplexity="0" sequenceCoverage="0" branchCoverage="0" isConstructor="False" isGetter="False" isSetter="False" isStatic="True">
              <Summary numSequencePoints="1" visitedSequencePoints="0" numBranchPoints="0" visitedBranchPoints="0" sequenceCoverage="0" branchCoverage="0" maxCyclomaticComplexity="0" minCyclomaticComplexity="0" visitedClasses="0" numClasses="0" visitedMethods="0" numMethods="1" />
              <MetadataToken />
              <Name>System.Void RestWell.Client.Testing.TestProxy::Dispose()</Name>
              <FileRef uid="11" />
              <SequencePoints>
                <SequencePoint vc="0" upsid="33" ordinal="0" sl="33" sc="1" el="33" ec="2" bec="0" bev="0" fileid="11" />
              </SequencePoints>
              <BranchPoints />
              <MethodPoint vc="0" upsid="0" p8:type="SequencePoint" ordinal="1" offset="1" sc="0" sl="33" ec="1" el="33" bec="0" bev="0" fileid="11" xmlns:p8="xsi" />
            </Method>
            <Method cyclomaticComplexity="0" nPathComplexity="0" sequenceCoverage="0.8" branchCoverage="0.667" isConstructor="False" isGetter="False" isSetter="False" isStatic="True">
              <Summary numSequencePoints="5" visitedSequencePoints="4" numBranchPoints="6" visitedBranchPoints="4" sequenceCoverage="0.8" branchCoverage="0.667" maxCyclomaticComplexity="0" minCyclomaticComplexity="0" visitedClasses="0" numClasses="0" visitedMethods="1" numMethods="1" />
              <MetadataToken />
              <Name>RestWell.Client.Response.IProxyResponse`1&lt;TResponseDto&gt; RestWell.Client.Testing.TestProxy::Invoke(RestWell.Client.Request.IProxyRequest`2&lt;TRequestDto,TResponseDto&gt;)</Name>
              <FileRef uid="11" />
              <SequencePoints>
                <SequencePoint vc="60" upsid="37" ordinal="0" sl="37" sc="1" el="37" ec="2" bec="0" bev="0" fileid="11" />
                <SequencePoint vc="60" upsid="39" ordinal="1" sl="39" sc="1" el="39" ec="2" bec="0" bev="0" fileid="11" />
                <SequencePoint vc="60" upsid="41" ordinal="2" sl="41" sc="1" el="41" ec="2" bec="0" bev="0" fileid="11" />
                <SequencePoint vc="60" upsid="42" ordinal="3" sl="42" sc="1" el="42" ec="2" bec="0" bev="0" fileid="11" />
                <SequencePoint vc="0" upsid="45" ordinal="4" sl="45" sc="1" el="45" ec="2" bec="0" bev="0" fileid="11" />
              </SequencePoints>
              <BranchPoints>
                <BranchPoint vc="2147483647" upsid="37" ordinal="0" path="0" offset="7" offsetend="9" sl="37" fileid="11" />
[...]
                <SequencePoint vc="0" upsid="86" ordinal="3" sl="86" sc="1" el="86" ec="2" bec="0" bev="0" fileid="22" />
                <SequencePoint vc="20" upsid="91" ordinal="4" sl="91" sc="1" el="91" ec="2" bec="0" bev="0" fileid="22" />
                <SequencePoint vc="18" upsid="92" ordinal="5" sl="92" sc="1" el="92" ec="2" bec="0" bev="0" fileid="22" />
                <SequencePoint vc="18" upsid="94" ordinal="6" sl="94" sc="1" el="94" ec="2" bec="0" bev="0" fileid="22" />
                <SequencePoint vc="18" upsid="95" ordinal="7" sl="95" sc="1" el="95" ec="2" bec="0" bev="0" fileid="22" />
                <SequencePoint vc="18" upsid="96" ordinal="8" sl="96" sc="1" el="96" ec="2" bec="0" bev="0" fileid="22" />
                <SequencePoint vc="18" upsid="97" ordinal="9" sl="97" sc="1" el="97" ec="2" bec="0" bev="0" fileid="22" />
                <SequencePoint vc="0" upsid="99" ordinal="10" sl="99" sc="1" el="99" ec="2" bec="0" bev="0" fileid="22" />
                <SequencePoint vc="2" upsid="101" ordinal="11" sl="101" sc="1" el="101" ec="2" bec="0" bev="0" fileid="22" />
                <SequencePoint vc="20" upsid="102" ordinal="12" sl="102" sc="1" el="102" ec="2" bec="0" bev="0" fileid="22" />
              </SequencePoints>
              <BranchPoints>
                <BranchPoint vc="1048575" upsid="83" ordinal="0" path="0" offset="14" offsetend="28" sl="83" fileid="22" />
                <BranchPoint vc="0" upsid="83" ordinal="1" path="1" offset="14" offsetend="482" sl="83" fileid="22" />
                <BranchPoint vc="1048575" upsid="84" ordinal="2" path="0" offset="35" offsetend="37" sl="84" fileid="22" />
                <BranchPoint vc="0" upsid="84" ordinal="3" path="1" offset="35" offsetend="58" sl="84" fileid="22" />
                <BranchPoint vc="0" upsid="84" ordinal="4" path="0" offset="61" offsetend="63" sl="84" fileid="22" />
                <BranchPoint vc="1048575" upsid="84" ordinal="5" path="1" offset="61" offsetend="81" sl="84" fileid="22" />
                <BranchPoint vc="1" upsid="89" ordinal="6" path="0" offset="104" offsetend="106" sl="89" fileid="22" />
                <BranchPoint vc="1048575" upsid="89" ordinal="7" path="1" offset="104" offsetend="129" sl="89" fileid="22" />
                <BranchPoint vc="262143" upsid="91" ordinal="8" path="0" offset="147" offsetend="152" sl="91" fileid="22" />
                <BranchPoint vc="3" upsid="91" ordinal="9" path="1" offset="147" offsetend="412" sl="91" fileid="22" />
                <BranchPoint vc="1" upsid="93" ordinal="10" path="0" offset="176" offsetend="178" sl="93" fileid="22" />
                <BranchPoint vc="262143" upsid="93" ordinal="11" path="1" offset="176" offsetend="201" sl="93" fileid="22" />
                <BranchPoint vc="262143" upsid="94" ordinal="12" path="0" offset="236" offsetend="241" sl="94" fileid="22" />
                <BranchPoint vc="0" upsid="94" ordinal="13" path="1" offset="236" offsetend="399" sl="94" fileid="22" />
                <BranchPoint vc="0" upsid="97" ordinal="14" path="0" offset="302" offsetend="304" sl="97" fileid="22" />
                <BranchPoint vc="262143" upsid="97" ordinal="15" path="1" offset="302" offsetend="374" sl="97" fileid="22" />
                <BranchPoint vc="0" upsid="101" ordinal="16" path="0" offset="442" offsetend="444" sl="101" fileid="22" />
                <BranchPoint vc="3" upsid="101" ordinal="17" path="1" offset="442" offsetend="511" sl="101" fileid="22" />
              </BranchPoints>
              <MethodPoint vc="10" upsid="0" p8:type="SequencePoint" ordinal="0" offset="0" sc="0" sl="83" ec="1" el="102" bec="0" bev="0" fileid="22" xmlns:p8="xsi" />
            </Method>
          </Methods>
        </Class>
        <Class>
          <Summary numSequencePoints="13" visitedSequencePoints="10" numBranchPoints="18" visitedBranchPoints="12" sequenceCoverage="0.769" branchCoverage="0.667" maxCyclomaticComplexity="0" minCyclomaticComplexity="0" visitedClasses="1" numClasses="1" visitedMethods="1" numMethods="1" />
          <FullName>RestWell.Test.Resource.WebApi.Controllers.SecureRequestController/&lt;SecureRequestPatch&gt;d__4</FullName>
          <Methods>
            <Method cyclomaticComplexity="0" nPathComplexity="0" sequenceCoverage="0.769" branchCoverage="0.667" isConstructor="False" isGetter="False" isSetter="False" isStatic="True">
              <Summary numSequencePoints="13" visitedSequencePoints="10" numBranchPoints="18" visitedBranchPoints="12" sequenceCoverage="0.769" branchCoverage="0.667" maxCyclomaticComplexity="0" minCyclomaticComplexity="0" visitedClasses="0" numClasses="0" visitedMethods="1" numMethods="1" />
              <MetadataToken />
              <Name>System.Void RestWell.Test.Resource.WebApi.Controllers.SecureRequestController/&lt;SecureRequestPatch&gt;d__4::MoveNext()</Name>
              <FileRef uid="22" />
              <SequencePoints>
                <SequencePoint vc="20" upsid="106" ordinal="0" sl="106" sc="1" el="106" ec="2" bec="0" bev="0" fileid="22" />
                <SequencePoint vc="20" upsid="107" ordinal="1" sl="107" sc="1" el="107" ec="2" bec="0" bev="0" fileid="22" />
                <SequencePoint vc="0" upsid="108" ordinal="2" sl="108" sc="1" el="108" ec="2" bec="0" bev="0" fileid="22" />
                <SequencePoint vc="0" upsid="109" ordinal="3" sl="109" sc="1" el="109" ec="2" bec="0" bev="0" fileid="22" />
                <SequencePoint vc="20" upsid="114" ordinal="4" sl="114" sc="1" el="114" ec="2" bec="0" bev="0" fileid="22" />
                <SequencePoint vc="18" upsid="115" ordinal="5" sl="115" sc="1" el="115" ec="2" bec="0" bev="0" fileid="22" />
                <SequencePoint vc="18" upsid="117" ordinal="6" sl="117" sc="1" el="117" ec="2" bec="0" bev="0" fileid="22" />
                <SequencePoint vc="18" upsid="118" ordinal="7" sl="118" sc="1" el="118" ec="2" bec="0" bev="0" fileid="22" />
                <SequencePoint vc="18" upsid="119" ordinal="8" sl="119" sc="1" el="119" ec="2" bec="0" bev="0" fileid="22" />
                <SequencePoint vc="18" upsid="120" ordinal="9" sl="120" sc="1" el="120" ec="2" bec="0" bev="0" fileid="22" />
                <SequencePoint vc="0" upsid="122" ordinal="10" sl="122" sc="1" el="122" ec="2" bec="0" bev="0" fileid="22" />
                <SequencePoint vc="2" upsid="124" ordinal="11" sl="124" sc="1" el="124" ec="2" bec="0" bev="0" fileid="22" />
                <SequencePoint vc="20" upsid="125" ordinal="12" sl="125" sc="1" el="125" ec="2" bec="0" bev="0" fileid="22" />
              </SequencePoints>
              <BranchPoints>
                <BranchPoint vc="1048575" upsid="106" ordinal="0" path="0" offset="14" offsetend="28" sl="106" fileid="22" />
                <BranchPoint vc="0" upsid="106" ordinal="1" path="1" offset="14" offsetend="482" sl="106" fileid="22" />
                <BranchPoint vc="1048575" upsid="107" ordinal="2" path="0" offset="35" offsetend="37" sl="107" fileid="22" />
                <BranchPoint vc="0" upsid="107" ordinal="3" path="1" offset="35" offsetend="58" sl="107" fileid="22" />
                <BranchPoint vc="0" upsid="107" ordinal="4" path="0" offset="61" offsetend="63" sl="107" fileid="22" />
                <BranchPoint vc="1048575" upsid="107" ordinal="5" path="1" offset="61" offsetend="81" sl="107" fileid="22" />
                <BranchPoint vc="1" upsid="112" ordinal="6" path="0" offset="104" offsetend="106" sl="112" fileid="22" />
                <BranchPoint vc="1048575" upsid="112" ordinal="7" path="1" offset="104" offsetend="129" sl="112" fileid="22" />
                <BranchPoint vc="262143" upsid="114" ordinal="8" path="0" offset="147" offsetend="152" sl="114" fileid="22" />
                <BranchPoint vc="3" upsid="114" ordinal="9" path="1" offset="147" offsetend="412" sl="114" fileid="22" />
                <BranchPoint vc="1" upsid="116" ordinal="10" path="0" offset="176" offsetend="178" sl="116" fileid="22" />
                <BranchPoint vc="262143" upsid="116" ordinal="11" path="1" offset="176" offsetend="201" sl="116" fileid="22" />
                <BranchPoint vc="262143" upsid="117" ordinal="12" path="0" offset="236" offsetend="241" sl="117" fileid="22" />
                <BranchPoint vc="0" upsid="117" ordinal="13" path="1" offset="236" offsetend="399" sl="117" fileid="22" />
                <BranchPoint vc="0" upsid="120" ordinal="14" path="0" offset="302" offsetend="304" sl="120" fileid="22" />
                <BranchPoint vc="262143" upsid="120" ordinal="15" path="1" offset="302" offsetend="374" sl="120" fileid="22" />
                <BranchPoint vc="0" upsid="124" ordinal="16" path="0" offset="442" offsetend="444" sl="124" fileid="22" />
                <BranchPoint vc="3" upsid="124" ordinal="17" path="1" offset="442" offsetend="511" sl="124" fileid="22" />
              </BranchPoints>
              <MethodPoint vc="10" upsid="0" p8:type="SequencePoint" ordinal="0" offset="0" sc="0" sl="106" ec="1" el="125" bec="0" bev="0" fileid="22" xmlns:p8="xsi" />
            </Method>
          </Methods>
        </Class>
        <Class>
          <Summary numSequencePoints="13" visitedSequencePoints="10" numBranchPoints="18" visitedBranchPoints="12" sequenceCoverage="0.769" branchCoverage="0.667" maxCyclomaticComplexity="0" minCyclomaticComplexity="0" visitedClasses="1" numClasses="1" visitedMethods="1" numMethods="1" />
          <FullName>RestWell.Test.Resource.WebApi.Controllers.SecureRequestController/&lt;SecureRequestPost&gt;d__5</FullName>
          <Methods>
            <Method cyclomaticComplexity="0" nPathComplexity="0" sequenceCoverage="0.769" branchCoverage="0.667" isConstructor="False" isGetter="False" isSetter="False" isStatic="True">
              <Summary numSequencePoints="13" visitedSequencePoints="10" numBranchPoints="18" visitedBranchPoints="12" sequenceCoverage="0.769" branchCoverage="0.667" maxCyclomaticComplexity="0" minCyclomaticComplexity="0" visitedClasses="0" numClasses="0" visitedMethods="1" numMethods="1" />
              <MetadataToken />
              <Name>System.Void RestWell.Test.Resource.WebApi.Controllers.SecureRequestController/&lt;SecureRequestPost&gt;d__5::MoveNext()</Name>
              <FileRef uid="22" />
              <SequencePoints>
                <SequencePoint vc="20" upsid="129" ordinal="0" sl="129" sc="1" el="129" ec="2" bec="0" bev="0" fileid="22" />
                <SequencePoint vc="20" upsid="130" ordinal="1" sl="130" sc="1" el="130" ec="2" bec="0" bev="0" fileid="22" />
                <SequencePoint vc="0" upsid="131" ordinal="2" sl="131" sc="1" el="131" ec="2" bec="0" bev="0" fileid="22" />
                <SequencePoint vc="0" upsid="132" ordinal="3" sl="132" sc="1" el="132" ec="2" bec="0" bev="0" fileid="22" />
                <SequencePoint vc="20" upsid="137" ordinal="4" sl="137" sc="1" el="137" ec="2" bec="0" bev="0" fileid="22" />
                <SequencePoint vc="18" upsid="138" ordinal="5" sl="138" sc="1" el="138" ec="2" bec="0" bev="0" fileid="22" />
                <SequencePoint vc="18" upsid="140" ordinal="6" sl="140" sc="1" el="140" ec="2" bec="0" bev="0" fileid="22" />
                <SequencePoint vc="18" upsid="141" ordinal="7" sl="141" sc="1" el="141" ec="2" bec="0" bev="0" fileid="22" />
                <SequencePoint vc="18" upsid="142" ordinal="8" sl="142" sc="1" el="142" ec="2" bec="0" bev="0" fileid="22" />
                <SequencePoint vc="18" upsid="143" ordinal="9" sl="143" sc="1" el="143" ec="2" bec="0" bev="0" fileid="22" />
                <SequencePoint vc="0" upsid="145" ordinal="10" sl="145" sc="1" el="145" ec="2" bec="0" bev="0" fileid="22" />
                <SequencePoint vc="2" upsid="147" ordinal="11" sl="147" sc="1" el="147" ec="2" bec="0" bev="0" fileid="22" />
                <SequencePoint vc="20" upsid="148" ordinal="12" sl="148" sc="1" el="148" ec="2" bec="0" bev="0" fileid="22" />
              </SequencePoints>
              <BranchPoints>
                <BranchPoint vc="1048575" upsid="129" ordinal="0" path="0" offset="14" offsetend="28" sl="129" fileid="22" />
                <BranchPoint vc="0" upsid="129" ordinal="1" path="1" offset="14" offsetend="482" sl="129" fileid="22" />
                <BranchPoint vc="1048575" upsid="130" ordinal="2" path="0" offset="35" offsetend="37" sl="130" fileid="22" />
                <BranchPoint vc="0" upsid="130" ordinal="3" path="1" offset="35" offsetend="58" sl="130" fileid="22" />
                <BranchPoint vc="0" upsid="130" ordinal="4" path="0" offset="61" offsetend="63" sl="130" fileid="22" />
                <BranchPoint vc="1048575" upsid="130" ordinal="5" path="1" offset="61" offsetend="81" sl="130" fileid="22" />
                <BranchPoint vc="1" upsid="135" ordinal="6" path="0" offset="104" offsetend="106" sl="135" fileid="22" />
                <BranchPoint vc="1048575" upsid="135" ordinal="7" path="1" offset="104" offsetend="129" sl="135" fileid="22" />
                <BranchPoint vc="262143" upsid="137" ordinal="8" path="0" offset="147" offsetend="152" sl="137" fileid="22" />
                <BranchPoint vc="3" upsid="137" ordinal="9" path="1" offset="147" offsetend="412" sl="137" fileid="22" />
                <BranchPoint vc="1" upsid="139" ordinal="10" path="0" offset="176" offsetend="178" sl="139" fileid="22" />
                <BranchPoint vc="262143" upsid="139" ordinal="11" path="1" offset="176" offsetend="201" sl="139" fileid="22" />
                <BranchPoint vc="262143" upsid="140" ordinal="12" path="0" offset="236" offsetend="241" sl="140" fileid="22" />
                <BranchPoint vc="0" upsid="140" ordinal="13" path="1" offset="236" offsetend="399" sl="140" fileid="22" />
                <BranchPoint vc="0" upsid="143" ordinal="14" path="0" offset="302" offsetend="304" sl="143" fileid="22" />
                <BranchPoint vc="262143" upsid="143" ordinal="15" path="1" offset="302" offsetend="374" sl="143" fileid="22" />
                <BranchPoint vc="0" upsid="147" ordinal="16" path="0" offset="442" offsetend="444" sl="147" fileid="22" />
                <BranchPoint vc="3" upsid="147" ordinal="17" path="1" offset="442" offsetend="511" sl="147" fileid="22" />
              </BranchPoints>
              <MethodPoint vc="10" upsid="0" p8:type="SequencePoint" ordinal="0" offset="0" sc="0" sl="129" ec="1" el="148" bec="0" bev="0" fileid="22" xmlns:p8="xsi" />
            </Method>
          </Methods>
        </Class>
        <Class>
          <Summary numSequencePoints="13" visitedSequencePoints="10" numBranchPoints="18" visitedBranchPoints="12" sequenceCoverage="0.769" branchCoverage="0.667" maxCyclomaticComplexity="0" minCyclomaticComplexity="0" visitedClasses="1" numClasses="1" visitedMethods="1" numMethods="1" />
          <FullName>RestWell.Test.Resource.WebApi.Controllers.SecureRequestController/&lt;SecureRequestPut&gt;d__6</FullName>
          <Methods>
            <Method cyclomaticComplexity="0" nPathComplexity="0" sequenceCoverage="0.769" branchCoverage="0.667" isConstructor="False" isGetter="False" isSetter="False" isStatic="True">
              <Summary numSequencePoints="13" visitedSequencePoints="10" numBranchPoints="18" visitedBranchPoints="12" sequenceCoverage="0.769" branchCoverage="0.667" maxCyclomaticComplexity="0" minCyclomaticComplexity="0" visitedClasses="0" numClasses="0" visitedMethods="1" numMethods="1" />
              <MetadataToken />
              <Name>System.Void RestWell.Test.Resource.WebApi.Controllers.SecureRequestController/&lt;SecureRequestPut&gt;d__6::MoveNext()</Name>
              <FileRef uid="22" />
              <SequencePoints>
                <SequencePoint vc="20" upsid="152" ordinal="0" sl="152" sc="1" el="152" ec="2" bec="0" bev="0" fileid="22" />
                <SequencePoint vc="20" upsid="153" ordinal="1" sl="153" sc="1" el="153" ec="2" bec="0" bev="0" fileid="22" />
                <SequencePoint vc="0" upsid="154" ordinal="2" sl="154" sc="1" el="154" ec="2" bec="0" bev="0" fileid="22" />
                <SequencePoint vc="0" upsid="155" ordinal="3" sl="155" sc="1" el="155" ec="2" bec="0" bev="0" fileid="22" />
                <SequencePoint vc="20" upsid="160" ordinal="4" sl="160" sc="1" el="160" ec="2" bec="0" bev="0" fileid="22" />
                <SequencePoint vc="18" upsid="161" ordinal="5" sl="161" sc="1" el="161" ec="2" bec="0" bev="0" fileid="22" />
                <SequencePoint vc="18" upsid="163" ordinal="6" sl="163" sc="1" el="163" ec="2" bec="0" bev="0" fileid="22" />
                <SequencePoint vc="18" upsid="164" ordinal="7" sl="164" sc="1" el="164" ec="2" bec="0" bev="0" fileid="22" />
                <SequencePoint vc="18" upsid="165" ordinal="8" sl="165" sc="1" el="165" ec="2" bec="0" bev="0" fileid="22" />
                <SequencePoint vc="18" upsid="166" ordinal="9" sl="166" sc="1" el="166" ec="2" bec="0" bev="0" fileid="22" />
                <SequencePoint vc="0" upsid="168" ordinal="10" sl="168" sc="1" el="168" ec="2" bec="0" bev="0" fileid="22" />
                <SequencePoint vc="2" upsid="170" ordinal="11" sl="170" sc="1" el="170" ec="2" bec="0" bev="0" fileid="22" />
                <SequencePoint vc="20" upsid="171" ordinal="12" sl="171" sc="1" el="171" ec="2" bec="0" bev="0" fileid="22" />
              </SequencePoints>
              <BranchPoints>
                <BranchPoint vc="1048575" upsid="152" ordinal="0" path="0" offset="14" offsetend="28" sl="152" fileid="22" />
                <BranchPoint vc="0" upsid="152" ordinal="1" path="1" offset="14" offsetend="482" sl="152" fileid="22" />
                <BranchPoint vc="1048575" upsid="153" ordinal="2" path="0" offset="35" offsetend="37" sl="153" fileid="22" />
                <BranchPoint vc="0" upsid="153" ordinal="3" path="1" offset="35" offsetend="58" sl="153" fileid="22" />
                <BranchPoint vc="0" upsid="153" ordinal="4" path="0" offset="61" offsetend="63" sl="153" fileid="22" />
                <BranchPoint vc="1048575" upsid="153" ordinal="5" path="1" offset="61" offsetend="81" sl="153" fileid="22" />
                <BranchPoint vc="1" upsid="158" ordinal="6" path="0" offset="104" offsetend="106" sl="158" fileid="22" />
                <BranchPoint vc="1048575" upsid="158" ordinal="7" path="1" offset="104" offsetend="129" sl="158" fileid="22" />
                <BranchPoint vc="262143" upsid="160" ordinal="8" path="0" offset="147" offsetend="152" sl="160" fileid="22" />
                <BranchPoint vc="3" upsid="160" ordinal="9" path="1" offset="147" offsetend="412" sl="160" fileid="22" />
                <BranchPoint vc="1" upsid="162" ordinal="10" path="0" offset="176" offsetend="178" sl="162" fileid="22" />
                <BranchPoint vc="262143" upsid="162" ordinal="11" path="1" offset="176" offsetend="201" sl="162" fileid="22" />
                <BranchPoint vc="262143" upsid="163" ordinal="12" path="0" offset="236" offsetend="241" sl="163" fileid="22" />
                <BranchPoint vc="0" upsid="163" ordinal="13" path="1" offset="236" offsetend="399" sl="163" fileid="22" />
                <BranchPoint vc="0" upsid="166" ordinal="14" path="0" offset="302" offsetend="304" sl="166" fileid="22" />
                <BranchPoint vc="262143" upsid="166" ordinal="15" path="1" offset="302" offsetend="374" sl="166" fileid="22" />
                <BranchPoint vc="0" upsid="170" ordinal="16" path="0" offset="442" offsetend="444" sl="170" fileid="22" />
                <BranchPoint vc="3" upsid="170" ordinal="17" path="1" offset="442" offsetend="511" sl="170" fileid="22" />
              </BranchPoints>
              <MethodPoint vc="10" upsid="0" p8:type="SequencePoint" ordinal="0" offset="0" sc="0" sl="152" ec="1" el="171" bec="0" bev="0" fileid="22" xmlns:p8="xsi" />
            </Method>
          </Methods>
        </Class>
      </Classes>
    </Module>
  </Modules>
</CoverageSession>